#
# There is insufficient memory for the Java Runtime Environment to continue.
# Native memory allocation (malloc) failed to allocate 1863856 bytes for Chunk::new
# Possible reasons:
#   The system is out of physical RAM or swap space
#   The process is running with CompressedOops enabled, and the Java Heap may be blocking the growth of the native heap
# Possible solutions:
#   Reduce memory load on the system
#   Increase physical memory or swap space
#   Check if swap backing store is full
#   Decrease Java heap size (-Xmx/-Xms)
#   Decrease number of Java threads
#   Decrease Java thread stack sizes (-Xss)
#   Set larger code cache with -XX:ReservedCodeCacheSize=
#   JVM is running with Zero Based Compressed Oops mode in which the Java heap is
#     placed in the first 32GB address space. The Java Heap base address is the
#     maximum limit for the native heap growth. Please use -XX:HeapBaseMinAddress
#     to set the Java Heap base and to place the Java Heap above 32GB virtual address.
# This output file may be truncated or incomplete.
#
#  Out of Memory Error (arena.cpp:189), pid=17972, tid=16772
#
# JRE version: Java(TM) SE Runtime Environment (17.0.11+7) (build 17.0.11+7-LTS-207)
# Java VM: Java HotSpot(TM) 64-Bit Server VM (17.0.11+7-LTS-207, mixed mode, sharing, tiered, compressed oops, compressed class ptrs, g1 gc, windows-amd64)
# No core dump will be written. Minidumps are not enabled by default on client versions of Windows
#

---------------  S U M M A R Y ------------

Command Line: C:\Users\phucs\AppData\Local\Temp\surefire17952508979938221706\surefirebooter-20250415115310809_3.jar C:\Users\phucs\AppData\Local\Temp\surefire17952508979938221706 2025-04-15T11-53-10_371-jvmRun1 surefire-20250415115310809_1tmp surefire_0-20250415115310809_2tmp

Host: AMD Ryzen 7 4800H with Radeon Graphics         , 16 cores, 15G,  Windows 10 , 64 bit Build 19041 (10.0.19041.5678)
Time: Tue Apr 15 11:53:15 2025 SE Asia Standard Time elapsed time: 4.032707 seconds (0d 0h 0m 4s)

---------------  T H R E A D  ---------------

Current thread (0x000001afff782e80):  JavaThread "C2 CompilerThread1" daemon [_thread_in_native, id=16772, stack(0x00000094a1400000,0x00000094a1500000)]


Current CompileTask:
C2:   4032 1934       4       jdk.internal.org.objectweb.asm.Frame::execute (2305 bytes)

Stack: [0x00000094a1400000,0x00000094a1500000]
Native frames: (J=compiled Java code, j=interpreted, Vv=VM code, C=native code)
V  [jvm.dll+0x679cca]
V  [jvm.dll+0x7da13d]
V  [jvm.dll+0x7dba83]
V  [jvm.dll+0x7dc0f3]
V  [jvm.dll+0x2449af]
V  [jvm.dll+0xab83b]
V  [jvm.dll+0xabe1c]
V  [jvm.dll+0x3615ae]
V  [jvm.dll+0x32bd61]
V  [jvm.dll+0x32b1fa]
V  [jvm.dll+0x2161df]
V  [jvm.dll+0x21560f]
V  [jvm.dll+0x1a2040]
V  [jvm.dll+0x225a2b]
V  [jvm.dll+0x223bcb]
V  [jvm.dll+0x7903ec]
V  [jvm.dll+0x78a85a]
V  [jvm.dll+0x678bb5]
C  [ucrtbase.dll+0x21bb2]
C  [KERNEL32.DLL+0x17374]
C  [ntdll.dll+0x4cc91]


---------------  P R O C E S S  ---------------

Threads class SMR info:
_java_thread_list=0x000001afff7dfc70, length=17, elements={
0x000001afdae259d0, 0x000001affe1de9d0, 0x000001affe1e2d20, 0x000001affe1f3b70,
0x000001affe1f5450, 0x000001affe1f5d20, 0x000001affe1f65f0, 0x000001affe1f72a0,
0x000001affe1f8400, 0x000001affe1fad20, 0x000001affe42dd90, 0x000001affe4332d0,
0x000001affe438e60, 0x000001affe4423d0, 0x000001afff6d6db0, 0x000001afff273000,
0x000001afff782e80
}

Java Threads: ( => current thread )
  0x000001afdae259d0 JavaThread "main" [_thread_in_vm, id=21844, stack(0x000000949f600000,0x000000949f700000)]
  0x000001affe1de9d0 JavaThread "Reference Handler" daemon [_thread_blocked, id=13068, stack(0x000000949fd00000,0x000000949fe00000)]
  0x000001affe1e2d20 JavaThread "Finalizer" daemon [_thread_blocked, id=13704, stack(0x000000949fe00000,0x000000949ff00000)]
  0x000001affe1f3b70 JavaThread "Signal Dispatcher" daemon [_thread_blocked, id=28452, stack(0x000000949ff00000,0x00000094a0000000)]
  0x000001affe1f5450 JavaThread "Attach Listener" daemon [_thread_blocked, id=23992, stack(0x00000094a0000000,0x00000094a0100000)]
  0x000001affe1f5d20 JavaThread "Service Thread" daemon [_thread_blocked, id=18772, stack(0x00000094a0100000,0x00000094a0200000)]
  0x000001affe1f65f0 JavaThread "Monitor Deflation Thread" daemon [_thread_blocked, id=16044, stack(0x00000094a0200000,0x00000094a0300000)]
  0x000001affe1f72a0 JavaThread "C2 CompilerThread0" daemon [_thread_in_native, id=18424, stack(0x00000094a0300000,0x00000094a0400000)]
  0x000001affe1f8400 JavaThread "C1 CompilerThread0" daemon [_thread_blocked, id=14288, stack(0x00000094a0400000,0x00000094a0500000)]
  0x000001affe1fad20 JavaThread "Sweeper thread" daemon [_thread_blocked, id=27272, stack(0x00000094a0500000,0x00000094a0600000)]
  0x000001affe42dd90 JavaThread "C1 CompilerThread1" daemon [_thread_blocked, id=13240, stack(0x00000094a0600000,0x00000094a0700000)]
  0x000001affe4332d0 JavaThread "C1 CompilerThread2" daemon [_thread_blocked, id=19752, stack(0x00000094a0700000,0x00000094a0800000)]
  0x000001affe438e60 JavaThread "Notification Thread" daemon [_thread_blocked, id=12144, stack(0x00000094a0800000,0x00000094a0900000)]
  0x000001affe4423d0 JavaThread "Common-Cleaner" daemon [_thread_blocked, id=25728, stack(0x00000094a0a00000,0x00000094a0b00000)]
  0x000001afff6d6db0 JavaThread "surefire-forkedjvm-stream-flusher" daemon [_thread_blocked, id=28540, stack(0x00000094a0b00000,0x00000094a0c00000)]
  0x000001afff273000 JavaThread "surefire-forkedjvm-command-thread" daemon [_thread_in_native, id=16348, stack(0x00000094a0c00000,0x00000094a0d00000)]
=>0x000001afff782e80 JavaThread "C2 CompilerThread1" daemon [_thread_in_native, id=16772, stack(0x00000094a1400000,0x00000094a1500000)]

Other Threads:
  0x000001affe1d8b50 VMThread "VM Thread" [stack: 0x000000949fc00000,0x000000949fd00000] [id=29552]
  0x000001affe441770 WatcherThread [stack: 0x00000094a0900000,0x00000094a0a00000] [id=3456]
  0x000001afdae914f0 GCTaskThread "GC Thread#0" [stack: 0x000000949f700000,0x000000949f800000] [id=27072]
  0x000001afff271910 GCTaskThread "GC Thread#1" [stack: 0x00000094a0d00000,0x00000094a0e00000] [id=1068]
  0x000001affe87dc80 GCTaskThread "GC Thread#2" [stack: 0x00000094a0e00000,0x00000094a0f00000] [id=1972]
  0x000001affefc6920 GCTaskThread "GC Thread#3" [stack: 0x00000094a0f00000,0x00000094a1000000] [id=12844]
  0x000001afff0a10a0 GCTaskThread "GC Thread#4" [stack: 0x00000094a1000000,0x00000094a1100000] [id=26072]
  0x000001afff86b650 GCTaskThread "GC Thread#5" [stack: 0x00000094a1100000,0x00000094a1200000] [id=5244]
  0x000001afff86c920 GCTaskThread "GC Thread#6" [stack: 0x00000094a1200000,0x00000094a1300000] [id=10544]
  0x000001afff86cbe0 GCTaskThread "GC Thread#7" [stack: 0x00000094a1300000,0x00000094a1400000] [id=14364]
  0x000001afff776330 GCTaskThread "GC Thread#8" [stack: 0x00000094a1500000,0x00000094a1600000] [id=22024]
  0x000001afff774ff0 GCTaskThread "GC Thread#9" [stack: 0x00000094a1600000,0x00000094a1700000] [id=18024]
  0x000001afff776b70 GCTaskThread "GC Thread#10" [stack: 0x00000094a1700000,0x00000094a1800000] [id=29336]
  0x000001afdaea3920 ConcurrentGCThread "G1 Main Marker" [stack: 0x000000949f800000,0x000000949f900000] [id=13056]
  0x000001afdaea4140 ConcurrentGCThread "G1 Conc#0" [stack: 0x000000949f900000,0x000000949fa00000] [id=23760]
  0x000001afdaefd230 ConcurrentGCThread "G1 Refine#0" [stack: 0x000000949fa00000,0x000000949fb00000] [id=8032]
  0x000001afdaefda70 ConcurrentGCThread "G1 Service" [stack: 0x000000949fb00000,0x000000949fc00000] [id=29060]

Threads with active compile tasks:
C2 CompilerThread0     4061 1967       4       java.util.HashMap::resize (356 bytes)
C2 CompilerThread1     4061 1934       4       jdk.internal.org.objectweb.asm.Frame::execute (2305 bytes)

VM state: not at safepoint (normal execution)

VM Mutex/Monitor currently owned by a thread: None

Heap address: 0x0000000709400000, size: 3948 MB, Compressed Oops mode: Zero based, Oop shift amount: 3

CDS archive(s) mapped at: [0x000001af80000000-0x000001af80bd0000-0x000001af80bd0000), size 12386304, SharedBaseAddress: 0x000001af80000000, ArchiveRelocationMode: 1.
Compressed class space mapped at: 0x000001af81000000-0x000001afc1000000, reserved size: 1073741824
Narrow klass base: 0x000001af80000000, Narrow klass shift: 0, Narrow klass range: 0x100000000

GC Precious Log:
 CPUs: 16 total, 16 available
 Memory: 15791M
 Large Page Support: Disabled
 NUMA Support: Disabled
 Compressed Oops: Enabled (Zero based)
 Heap Region Size: 2M
 Heap Min Capacity: 8M
 Heap Initial Capacity: 248M
 Heap Max Capacity: 3948M
 Pre-touch: Disabled
 Parallel Workers: 13
 Concurrent Workers: 3
 Concurrent Refinement Workers: 13
 Periodic GC: Disabled

Heap:
 garbage-first heap   total 253952K, used 32088K [0x0000000709400000, 0x0000000800000000)
  region size 2048K, 11 young (22528K), 3 survivors (6144K)
 Metaspace       used 13071K, committed 13312K, reserved 1114112K
  class space    used 1623K, committed 1728K, reserved 1048576K

Heap Regions: E=young(eden), S=young(survivor), O=old, HS=humongous(starts), HC=humongous(continues), CS=collection set, F=free, OA=open archive, CA=closed archive, TAMS=top-at-mark-start (previous, next)
|   0|0x0000000709400000, 0x0000000709600000, 0x0000000709600000|100%| O|  |TAMS 0x0000000709400000, 0x0000000709400000| Untracked 
|   1|0x0000000709600000, 0x0000000709800000, 0x0000000709800000|100%| O|  |TAMS 0x0000000709600000, 0x0000000709600000| Untracked 
|   2|0x0000000709800000, 0x0000000709a00000, 0x0000000709a00000|100%| O|  |TAMS 0x0000000709800000, 0x0000000709800000| Untracked 
|   3|0x0000000709a00000, 0x0000000709c00000, 0x0000000709c00000|100%| O|  |TAMS 0x0000000709a00000, 0x0000000709a00000| Untracked 
|   4|0x0000000709c00000, 0x0000000709e00000, 0x0000000709e00000|100%| O|  |TAMS 0x0000000709c00000, 0x0000000709c00000| Untracked 
|   5|0x0000000709e00000, 0x000000070a000000, 0x000000070a000000|100%| O|  |TAMS 0x0000000709e00000, 0x0000000709e00000| Untracked 
|   6|0x000000070a000000, 0x000000070a0bf400, 0x000000070a200000| 37%| O|  |TAMS 0x000000070a000000, 0x000000070a000000| Untracked 
|   7|0x000000070a200000, 0x000000070a200000, 0x000000070a400000|  0%| F|  |TAMS 0x000000070a200000, 0x000000070a200000| Untracked 
|   8|0x000000070a400000, 0x000000070a400000, 0x000000070a600000|  0%| F|  |TAMS 0x000000070a400000, 0x000000070a400000| Untracked 
|   9|0x000000070a600000, 0x000000070a600000, 0x000000070a800000|  0%| F|  |TAMS 0x000000070a600000, 0x000000070a600000| Untracked 
|  10|0x000000070a800000, 0x000000070a800000, 0x000000070aa00000|  0%| F|  |TAMS 0x000000070a800000, 0x000000070a800000| Untracked 
|  11|0x000000070aa00000, 0x000000070aa00000, 0x000000070ac00000|  0%| F|  |TAMS 0x000000070aa00000, 0x000000070aa00000| Untracked 
|  12|0x000000070ac00000, 0x000000070ac00000, 0x000000070ae00000|  0%| F|  |TAMS 0x000000070ac00000, 0x000000070ac00000| Untracked 
|  13|0x000000070ae00000, 0x000000070ae00000, 0x000000070b000000|  0%| F|  |TAMS 0x000000070ae00000, 0x000000070ae00000| Untracked 
|  14|0x000000070b000000, 0x000000070b000000, 0x000000070b200000|  0%| F|  |TAMS 0x000000070b000000, 0x000000070b000000| Untracked 
|  15|0x000000070b200000, 0x000000070b200000, 0x000000070b400000|  0%| F|  |TAMS 0x000000070b200000, 0x000000070b200000| Untracked 
|  16|0x000000070b400000, 0x000000070b400000, 0x000000070b600000|  0%| F|  |TAMS 0x000000070b400000, 0x000000070b400000| Untracked 
|  17|0x000000070b600000, 0x000000070b600000, 0x000000070b800000|  0%| F|  |TAMS 0x000000070b600000, 0x000000070b600000| Untracked 
|  18|0x000000070b800000, 0x000000070b800000, 0x000000070ba00000|  0%| F|  |TAMS 0x000000070b800000, 0x000000070b800000| Untracked 
|  19|0x000000070ba00000, 0x000000070ba00000, 0x000000070bc00000|  0%| F|  |TAMS 0x000000070ba00000, 0x000000070ba00000| Untracked 
|  20|0x000000070bc00000, 0x000000070bc00000, 0x000000070be00000|  0%| F|  |TAMS 0x000000070bc00000, 0x000000070bc00000| Untracked 
|  21|0x000000070be00000, 0x000000070be00000, 0x000000070c000000|  0%| F|  |TAMS 0x000000070be00000, 0x000000070be00000| Untracked 
|  22|0x000000070c000000, 0x000000070c000000, 0x000000070c200000|  0%| F|  |TAMS 0x000000070c000000, 0x000000070c000000| Untracked 
|  23|0x000000070c200000, 0x000000070c200000, 0x000000070c400000|  0%| F|  |TAMS 0x000000070c200000, 0x000000070c200000| Untracked 
|  24|0x000000070c400000, 0x000000070c400000, 0x000000070c600000|  0%| F|  |TAMS 0x000000070c400000, 0x000000070c400000| Untracked 
|  25|0x000000070c600000, 0x000000070c600000, 0x000000070c800000|  0%| F|  |TAMS 0x000000070c600000, 0x000000070c600000| Untracked 
|  26|0x000000070c800000, 0x000000070c800000, 0x000000070ca00000|  0%| F|  |TAMS 0x000000070c800000, 0x000000070c800000| Untracked 
|  27|0x000000070ca00000, 0x000000070ca00000, 0x000000070cc00000|  0%| F|  |TAMS 0x000000070ca00000, 0x000000070ca00000| Untracked 
|  28|0x000000070cc00000, 0x000000070cc00000, 0x000000070ce00000|  0%| F|  |TAMS 0x000000070cc00000, 0x000000070cc00000| Untracked 
|  29|0x000000070ce00000, 0x000000070ce00000, 0x000000070d000000|  0%| F|  |TAMS 0x000000070ce00000, 0x000000070ce00000| Untracked 
|  30|0x000000070d000000, 0x000000070d000000, 0x000000070d200000|  0%| F|  |TAMS 0x000000070d000000, 0x000000070d000000| Untracked 
|  31|0x000000070d200000, 0x000000070d200000, 0x000000070d400000|  0%| F|  |TAMS 0x000000070d200000, 0x000000070d200000| Untracked 
|  32|0x000000070d400000, 0x000000070d400000, 0x000000070d600000|  0%| F|  |TAMS 0x000000070d400000, 0x000000070d400000| Untracked 
|  33|0x000000070d600000, 0x000000070d600000, 0x000000070d800000|  0%| F|  |TAMS 0x000000070d600000, 0x000000070d600000| Untracked 
|  34|0x000000070d800000, 0x000000070d800000, 0x000000070da00000|  0%| F|  |TAMS 0x000000070d800000, 0x000000070d800000| Untracked 
|  35|0x000000070da00000, 0x000000070da00000, 0x000000070dc00000|  0%| F|  |TAMS 0x000000070da00000, 0x000000070da00000| Untracked 
|  36|0x000000070dc00000, 0x000000070dc00000, 0x000000070de00000|  0%| F|  |TAMS 0x000000070dc00000, 0x000000070dc00000| Untracked 
|  37|0x000000070de00000, 0x000000070de00000, 0x000000070e000000|  0%| F|  |TAMS 0x000000070de00000, 0x000000070de00000| Untracked 
|  38|0x000000070e000000, 0x000000070e000000, 0x000000070e200000|  0%| F|  |TAMS 0x000000070e000000, 0x000000070e000000| Untracked 
|  39|0x000000070e200000, 0x000000070e200000, 0x000000070e400000|  0%| F|  |TAMS 0x000000070e200000, 0x000000070e200000| Untracked 
|  40|0x000000070e400000, 0x000000070e400000, 0x000000070e600000|  0%| F|  |TAMS 0x000000070e400000, 0x000000070e400000| Untracked 
|  41|0x000000070e600000, 0x000000070e600000, 0x000000070e800000|  0%| F|  |TAMS 0x000000070e600000, 0x000000070e600000| Untracked 
|  42|0x000000070e800000, 0x000000070e800000, 0x000000070ea00000|  0%| F|  |TAMS 0x000000070e800000, 0x000000070e800000| Untracked 
|  43|0x000000070ea00000, 0x000000070ea00000, 0x000000070ec00000|  0%| F|  |TAMS 0x000000070ea00000, 0x000000070ea00000| Untracked 
|  44|0x000000070ec00000, 0x000000070ec00000, 0x000000070ee00000|  0%| F|  |TAMS 0x000000070ec00000, 0x000000070ec00000| Untracked 
|  45|0x000000070ee00000, 0x000000070ee00000, 0x000000070f000000|  0%| F|  |TAMS 0x000000070ee00000, 0x000000070ee00000| Untracked 
|  46|0x000000070f000000, 0x000000070f000000, 0x000000070f200000|  0%| F|  |TAMS 0x000000070f000000, 0x000000070f000000| Untracked 
|  47|0x000000070f200000, 0x000000070f200000, 0x000000070f400000|  0%| F|  |TAMS 0x000000070f200000, 0x000000070f200000| Untracked 
|  48|0x000000070f400000, 0x000000070f400000, 0x000000070f600000|  0%| F|  |TAMS 0x000000070f400000, 0x000000070f400000| Untracked 
|  49|0x000000070f600000, 0x000000070f600000, 0x000000070f800000|  0%| F|  |TAMS 0x000000070f600000, 0x000000070f600000| Untracked 
|  50|0x000000070f800000, 0x000000070f800000, 0x000000070fa00000|  0%| F|  |TAMS 0x000000070f800000, 0x000000070f800000| Untracked 
|  51|0x000000070fa00000, 0x000000070fa00000, 0x000000070fc00000|  0%| F|  |TAMS 0x000000070fa00000, 0x000000070fa00000| Untracked 
|  52|0x000000070fc00000, 0x000000070fc00000, 0x000000070fe00000|  0%| F|  |TAMS 0x000000070fc00000, 0x000000070fc00000| Untracked 
|  53|0x000000070fe00000, 0x000000070fe00000, 0x0000000710000000|  0%| F|  |TAMS 0x000000070fe00000, 0x000000070fe00000| Untracked 
|  54|0x0000000710000000, 0x0000000710000000, 0x0000000710200000|  0%| F|  |TAMS 0x0000000710000000, 0x0000000710000000| Untracked 
|  55|0x0000000710200000, 0x0000000710200000, 0x0000000710400000|  0%| F|  |TAMS 0x0000000710200000, 0x0000000710200000| Untracked 
|  56|0x0000000710400000, 0x0000000710400000, 0x0000000710600000|  0%| F|  |TAMS 0x0000000710400000, 0x0000000710400000| Untracked 
|  57|0x0000000710600000, 0x0000000710600000, 0x0000000710800000|  0%| F|  |TAMS 0x0000000710600000, 0x0000000710600000| Untracked 
|  58|0x0000000710800000, 0x0000000710800000, 0x0000000710a00000|  0%| F|  |TAMS 0x0000000710800000, 0x0000000710800000| Untracked 
|  59|0x0000000710a00000, 0x0000000710a00000, 0x0000000710c00000|  0%| F|  |TAMS 0x0000000710a00000, 0x0000000710a00000| Untracked 
|  60|0x0000000710c00000, 0x0000000710c00000, 0x0000000710e00000|  0%| F|  |TAMS 0x0000000710c00000, 0x0000000710c00000| Untracked 
|  61|0x0000000710e00000, 0x0000000710e00000, 0x0000000711000000|  0%| F|  |TAMS 0x0000000710e00000, 0x0000000710e00000| Untracked 
|  62|0x0000000711000000, 0x0000000711000000, 0x0000000711200000|  0%| F|  |TAMS 0x0000000711000000, 0x0000000711000000| Untracked 
|  63|0x0000000711200000, 0x0000000711200000, 0x0000000711400000|  0%| F|  |TAMS 0x0000000711200000, 0x0000000711200000| Untracked 
|  64|0x0000000711400000, 0x0000000711400000, 0x0000000711600000|  0%| F|  |TAMS 0x0000000711400000, 0x0000000711400000| Untracked 
|  65|0x0000000711600000, 0x0000000711600000, 0x0000000711800000|  0%| F|  |TAMS 0x0000000711600000, 0x0000000711600000| Untracked 
|  66|0x0000000711800000, 0x0000000711800000, 0x0000000711a00000|  0%| F|  |TAMS 0x0000000711800000, 0x0000000711800000| Untracked 
|  67|0x0000000711a00000, 0x0000000711a00000, 0x0000000711c00000|  0%| F|  |TAMS 0x0000000711a00000, 0x0000000711a00000| Untracked 
|  68|0x0000000711c00000, 0x0000000711c00000, 0x0000000711e00000|  0%| F|  |TAMS 0x0000000711c00000, 0x0000000711c00000| Untracked 
|  69|0x0000000711e00000, 0x0000000711e00000, 0x0000000712000000|  0%| F|  |TAMS 0x0000000711e00000, 0x0000000711e00000| Untracked 
|  70|0x0000000712000000, 0x0000000712000000, 0x0000000712200000|  0%| F|  |TAMS 0x0000000712000000, 0x0000000712000000| Untracked 
|  71|0x0000000712200000, 0x0000000712200000, 0x0000000712400000|  0%| F|  |TAMS 0x0000000712200000, 0x0000000712200000| Untracked 
|  72|0x0000000712400000, 0x0000000712400000, 0x0000000712600000|  0%| F|  |TAMS 0x0000000712400000, 0x0000000712400000| Untracked 
|  73|0x0000000712600000, 0x0000000712600000, 0x0000000712800000|  0%| F|  |TAMS 0x0000000712600000, 0x0000000712600000| Untracked 
|  74|0x0000000712800000, 0x0000000712800000, 0x0000000712a00000|  0%| F|  |TAMS 0x0000000712800000, 0x0000000712800000| Untracked 
|  75|0x0000000712a00000, 0x0000000712a00000, 0x0000000712c00000|  0%| F|  |TAMS 0x0000000712a00000, 0x0000000712a00000| Untracked 
|  76|0x0000000712c00000, 0x0000000712c00000, 0x0000000712e00000|  0%| F|  |TAMS 0x0000000712c00000, 0x0000000712c00000| Untracked 
|  77|0x0000000712e00000, 0x0000000712e00000, 0x0000000713000000|  0%| F|  |TAMS 0x0000000712e00000, 0x0000000712e00000| Untracked 
|  78|0x0000000713000000, 0x0000000713000000, 0x0000000713200000|  0%| F|  |TAMS 0x0000000713000000, 0x0000000713000000| Untracked 
|  79|0x0000000713200000, 0x0000000713200000, 0x0000000713400000|  0%| F|  |TAMS 0x0000000713200000, 0x0000000713200000| Untracked 
|  80|0x0000000713400000, 0x0000000713400000, 0x0000000713600000|  0%| F|  |TAMS 0x0000000713400000, 0x0000000713400000| Untracked 
|  81|0x0000000713600000, 0x0000000713600000, 0x0000000713800000|  0%| F|  |TAMS 0x0000000713600000, 0x0000000713600000| Untracked 
|  82|0x0000000713800000, 0x0000000713800000, 0x0000000713a00000|  0%| F|  |TAMS 0x0000000713800000, 0x0000000713800000| Untracked 
|  83|0x0000000713a00000, 0x0000000713a00000, 0x0000000713c00000|  0%| F|  |TAMS 0x0000000713a00000, 0x0000000713a00000| Untracked 
|  84|0x0000000713c00000, 0x0000000713c00000, 0x0000000713e00000|  0%| F|  |TAMS 0x0000000713c00000, 0x0000000713c00000| Untracked 
|  85|0x0000000713e00000, 0x0000000713e00000, 0x0000000714000000|  0%| F|  |TAMS 0x0000000713e00000, 0x0000000713e00000| Untracked 
|  86|0x0000000714000000, 0x0000000714000000, 0x0000000714200000|  0%| F|  |TAMS 0x0000000714000000, 0x0000000714000000| Untracked 
|  87|0x0000000714200000, 0x0000000714200000, 0x0000000714400000|  0%| F|  |TAMS 0x0000000714200000, 0x0000000714200000| Untracked 
|  88|0x0000000714400000, 0x0000000714400000, 0x0000000714600000|  0%| F|  |TAMS 0x0000000714400000, 0x0000000714400000| Untracked 
|  89|0x0000000714600000, 0x0000000714600000, 0x0000000714800000|  0%| F|  |TAMS 0x0000000714600000, 0x0000000714600000| Untracked 
|  90|0x0000000714800000, 0x0000000714800000, 0x0000000714a00000|  0%| F|  |TAMS 0x0000000714800000, 0x0000000714800000| Untracked 
|  91|0x0000000714a00000, 0x0000000714a00000, 0x0000000714c00000|  0%| F|  |TAMS 0x0000000714a00000, 0x0000000714a00000| Untracked 
|  92|0x0000000714c00000, 0x0000000714c00000, 0x0000000714e00000|  0%| F|  |TAMS 0x0000000714c00000, 0x0000000714c00000| Untracked 
|  93|0x0000000714e00000, 0x0000000714e00000, 0x0000000715000000|  0%| F|  |TAMS 0x0000000714e00000, 0x0000000714e00000| Untracked 
|  94|0x0000000715000000, 0x0000000715000000, 0x0000000715200000|  0%| F|  |TAMS 0x0000000715000000, 0x0000000715000000| Untracked 
|  95|0x0000000715200000, 0x0000000715200000, 0x0000000715400000|  0%| F|  |TAMS 0x0000000715200000, 0x0000000715200000| Untracked 
|  96|0x0000000715400000, 0x0000000715400000, 0x0000000715600000|  0%| F|  |TAMS 0x0000000715400000, 0x0000000715400000| Untracked 
|  97|0x0000000715600000, 0x0000000715600000, 0x0000000715800000|  0%| F|  |TAMS 0x0000000715600000, 0x0000000715600000| Untracked 
|  98|0x0000000715800000, 0x0000000715800000, 0x0000000715a00000|  0%| F|  |TAMS 0x0000000715800000, 0x0000000715800000| Untracked 
|  99|0x0000000715a00000, 0x0000000715a00000, 0x0000000715c00000|  0%| F|  |TAMS 0x0000000715a00000, 0x0000000715a00000| Untracked 
| 100|0x0000000715c00000, 0x0000000715c00000, 0x0000000715e00000|  0%| F|  |TAMS 0x0000000715c00000, 0x0000000715c00000| Untracked 
| 101|0x0000000715e00000, 0x0000000715e00000, 0x0000000716000000|  0%| F|  |TAMS 0x0000000715e00000, 0x0000000715e00000| Untracked 
| 102|0x0000000716000000, 0x0000000716000000, 0x0000000716200000|  0%| F|  |TAMS 0x0000000716000000, 0x0000000716000000| Untracked 
| 103|0x0000000716200000, 0x0000000716200000, 0x0000000716400000|  0%| F|  |TAMS 0x0000000716200000, 0x0000000716200000| Untracked 
| 104|0x0000000716400000, 0x0000000716496d80, 0x0000000716600000| 29%| S|CS|TAMS 0x0000000716400000, 0x0000000716400000| Complete 
| 105|0x0000000716600000, 0x0000000716800000, 0x0000000716800000|100%| S|CS|TAMS 0x0000000716600000, 0x0000000716600000| Complete 
| 106|0x0000000716800000, 0x0000000716a00000, 0x0000000716a00000|100%| S|CS|TAMS 0x0000000716800000, 0x0000000716800000| Complete 
| 107|0x0000000716a00000, 0x0000000716a00000, 0x0000000716c00000|  0%| F|  |TAMS 0x0000000716a00000, 0x0000000716a00000| Untracked 
| 108|0x0000000716c00000, 0x0000000716c00000, 0x0000000716e00000|  0%| F|  |TAMS 0x0000000716c00000, 0x0000000716c00000| Untracked 
| 109|0x0000000716e00000, 0x0000000716e00000, 0x0000000717000000|  0%| F|  |TAMS 0x0000000716e00000, 0x0000000716e00000| Untracked 
| 110|0x0000000717000000, 0x0000000717000000, 0x0000000717200000|  0%| F|  |TAMS 0x0000000717000000, 0x0000000717000000| Untracked 
| 111|0x0000000717200000, 0x0000000717200000, 0x0000000717400000|  0%| F|  |TAMS 0x0000000717200000, 0x0000000717200000| Untracked 
| 112|0x0000000717400000, 0x0000000717400000, 0x0000000717600000|  0%| F|  |TAMS 0x0000000717400000, 0x0000000717400000| Untracked 
| 113|0x0000000717600000, 0x0000000717600000, 0x0000000717800000|  0%| F|  |TAMS 0x0000000717600000, 0x0000000717600000| Untracked 
| 114|0x0000000717800000, 0x0000000717800000, 0x0000000717a00000|  0%| F|  |TAMS 0x0000000717800000, 0x0000000717800000| Untracked 
| 115|0x0000000717a00000, 0x0000000717a00000, 0x0000000717c00000|  0%| F|  |TAMS 0x0000000717a00000, 0x0000000717a00000| Untracked 
| 116|0x0000000717c00000, 0x0000000717d00800, 0x0000000717e00000| 50%| E|  |TAMS 0x0000000717c00000, 0x0000000717c00000| Complete 
| 117|0x0000000717e00000, 0x0000000718000000, 0x0000000718000000|100%| E|CS|TAMS 0x0000000717e00000, 0x0000000717e00000| Complete 
| 118|0x0000000718000000, 0x0000000718200000, 0x0000000718200000|100%| E|CS|TAMS 0x0000000718000000, 0x0000000718000000| Complete 
| 119|0x0000000718200000, 0x0000000718400000, 0x0000000718400000|100%| E|CS|TAMS 0x0000000718200000, 0x0000000718200000| Complete 
| 120|0x0000000718400000, 0x0000000718600000, 0x0000000718600000|100%| E|CS|TAMS 0x0000000718400000, 0x0000000718400000| Complete 
| 121|0x0000000718600000, 0x0000000718800000, 0x0000000718800000|100%| E|CS|TAMS 0x0000000718600000, 0x0000000718600000| Complete 
| 122|0x0000000718800000, 0x0000000718a00000, 0x0000000718a00000|100%| E|CS|TAMS 0x0000000718800000, 0x0000000718800000| Complete 
| 123|0x0000000718a00000, 0x0000000718c00000, 0x0000000718c00000|100%| E|CS|TAMS 0x0000000718a00000, 0x0000000718a00000| Complete 

Card table byte_map: [0x000001aff2750000,0x000001aff2f10000] _byte_map_base: 0x000001afeef06000

Marking Bits (Prev, Next): (CMBitMap*) 0x000001afdae93930, (CMBitMap*) 0x000001afdae93970
 Prev Bits: [0x000001aff36d0000, 0x000001aff7480000)
 Next Bits: [0x000001aff7480000, 0x000001affb230000)

Polling page: 0x000001afd8c10000

Metaspace:

Usage:
  Non-class:     11.20 MB used.
      Class:      1.59 MB used.
       Both:     12.78 MB used.

Virtual space:
  Non-class space:       64.00 MB reserved,      11.31 MB ( 18%) committed,  1 nodes.
      Class space:        1.00 GB reserved,       1.75 MB ( <1%) committed,  1 nodes.
             Both:        1.06 GB reserved,      13.06 MB (  1%) committed. 

Chunk freelists:
   Non-Class:  4.64 MB
       Class:  14.11 MB
        Both:  18.75 MB

MaxMetaspaceSize: unlimited
CompressedClassSpaceSize: 1.00 GB
Initial GC threshold: 21.00 MB
Current GC threshold: 21.00 MB
CDS: on
MetaspaceReclaimPolicy: balanced
 - commit_granule_bytes: 65536.
 - commit_granule_words: 8192.
 - virtual_space_node_default_size: 8388608.
 - enlarge_chunks_in_place: 1.
 - new_chunks_are_fully_committed: 0.
 - uncommit_free_chunks: 1.
 - use_allocation_guard: 0.
 - handle_deallocations: 1.


Internal statistics:

num_allocs_failed_limit: 0.
num_arena_births: 184.
num_arena_deaths: 0.
num_vsnodes_births: 2.
num_vsnodes_deaths: 0.
num_space_committed: 209.
num_space_uncommitted: 0.
num_chunks_returned_to_freelist: 0.
num_chunks_taken_from_freelist: 595.
num_chunk_merges: 0.
num_chunk_splits: 356.
num_chunks_enlarged: 257.
num_inconsistent_stats: 0.

CodeHeap 'non-profiled nmethods': size=119168Kb used=925Kb max_used=925Kb free=118242Kb
 bounds [0x000001afea290000, 0x000001afea500000, 0x000001aff16f0000]
CodeHeap 'profiled nmethods': size=119104Kb used=4251Kb max_used=4251Kb free=114853Kb
 bounds [0x000001afe26f0000, 0x000001afe2b20000, 0x000001afe9b40000]
CodeHeap 'non-nmethods': size=7488Kb used=2322Kb max_used=2371Kb free=5165Kb
 bounds [0x000001afe9b40000, 0x000001afe9db0000, 0x000001afea290000]
 total_blobs=2506 nmethods=2014 adapters=402
 compilation: enabled
              stopped_count=0, restarted_count=0
 full_count=0

Compilation events (20 events):
Event: 3.971 Thread 0x000001affe42dd90 nmethod 2023 0x000001afe2b0d910 code [0x000001afe2b0dac0, 0x000001afe2b0dc88]
Event: 3.972 Thread 0x000001affe42dd90 2025       1       java.math.BigInteger::signum (5 bytes)
Event: 3.972 Thread 0x000001affe42dd90 nmethod 2025 0x000001afea36f110 code [0x000001afea36f2a0, 0x000001afea36f378]
Event: 3.972 Thread 0x000001affe4332d0 nmethod 2018 0x000001afe2b0dd90 code [0x000001afe2b0e260, 0x000001afe2b10708]
Event: 3.974 Thread 0x000001affe42dd90 2026       3       java.util.HashMap::getNode (150 bytes)
Event: 3.975 Thread 0x000001affe42dd90 nmethod 2026 0x000001afe2b11610 code [0x000001afe2b11840, 0x000001afe2b12438]
Event: 3.975 Thread 0x000001affe4332d0 2027       3       sun.security.util.DerInputStream::<init> (38 bytes)
Event: 3.976 Thread 0x000001affe4332d0 nmethod 2027 0x000001afe2b12710 code [0x000001afe2b128a0, 0x000001afe2b12a98]
Event: 3.976 Thread 0x000001affe4332d0 2028       3       sun.security.util.DerValue::data (29 bytes)
Event: 3.977 Thread 0x000001affe4332d0 nmethod 2028 0x000001afe2b12b90 code [0x000001afe2b12d40, 0x000001afe2b12f08]
Event: 3.987 Thread 0x000001affe42dd90 2031       3       java.util.jar.Manifest$FastInputStream::fill (38 bytes)
Event: 3.987 Thread 0x000001affe42dd90 nmethod 2031 0x000001afe2b13010 code [0x000001afe2b131c0, 0x000001afe2b13408]
Event: 4.005 Thread 0x000001affe4332d0 2040  s    3       java.io.ByteArrayOutputStream::write (32 bytes)
Event: 4.006 Thread 0x000001affe1f8400 2041       3       sun.security.util.DerValue::<init> (445 bytes)
Event: 4.006 Thread 0x000001affe4332d0 nmethod 2040 0x000001afe2b13510 code [0x000001afe2b136c0, 0x000001afe2b13908]
Event: 4.006 Thread 0x000001affe4332d0 2042       3       sun.security.util.DerInputStream::getDerValue (76 bytes)
Event: 4.006 Thread 0x000001affe4332d0 nmethod 2042 0x000001afe2b13a10 code [0x000001afe2b13bc0, 0x000001afe2b13e28]
Event: 4.008 Thread 0x000001affe1f8400 nmethod 2041 0x000001afe2b13f90 code [0x000001afe2b143a0, 0x000001afe2b15ed8]
Event: 4.015 Thread 0x000001affe1f8400 2043       3       sun.security.util.DerInputStream::available (10 bytes)
Event: 4.016 Thread 0x000001affe1f8400 nmethod 2043 0x000001afe2b16890 code [0x000001afe2b16a20, 0x000001afe2b16b38]

GC Heap History (6 events):
Event: 0.667 GC heap before
{Heap before GC invocations=0 (full 0):
 garbage-first heap   total 253952K, used 20480K [0x0000000709400000, 0x0000000800000000)
  region size 2048K, 11 young (22528K), 0 survivors (0K)
 Metaspace       used 1782K, committed 1920K, reserved 1114112K
  class space    used 161K, committed 192K, reserved 1048576K
}
Event: 0.673 GC heap after
{Heap after GC invocations=1 (full 0):
 garbage-first heap   total 253952K, used 12968K [0x0000000709400000, 0x0000000800000000)
  region size 2048K, 2 young (4096K), 2 survivors (4096K)
 Metaspace       used 1782K, committed 1920K, reserved 1114112K
  class space    used 161K, committed 192K, reserved 1048576K
}
Event: 1.391 GC heap before
{Heap before GC invocations=1 (full 0):
 garbage-first heap   total 253952K, used 25256K [0x0000000709400000, 0x0000000800000000)
  region size 2048K, 8 young (16384K), 2 survivors (4096K)
 Metaspace       used 4515K, committed 4736K, reserved 1114112K
  class space    used 487K, committed 576K, reserved 1048576K
}
Event: 1.397 GC heap after
{Heap after GC invocations=2 (full 0):
 garbage-first heap   total 253952K, used 15101K [0x0000000709400000, 0x0000000800000000)
  region size 2048K, 1 young (2048K), 1 survivors (2048K)
 Metaspace       used 4515K, committed 4736K, reserved 1114112K
  class space    used 487K, committed 576K, reserved 1048576K
}
Event: 3.760 GC heap before
{Heap before GC invocations=2 (full 0):
 garbage-first heap   total 253952K, used 45821K [0x0000000709400000, 0x0000000800000000)
  region size 2048K, 17 young (34816K), 1 survivors (2048K)
 Metaspace       used 11728K, committed 11968K, reserved 1114112K
  class space    used 1483K, committed 1600K, reserved 1048576K
}
Event: 3.766 GC heap after
{Heap after GC invocations=3 (full 0):
 garbage-first heap   total 253952K, used 17752K [0x0000000709400000, 0x0000000800000000)
  region size 2048K, 3 young (6144K), 3 survivors (6144K)
 Metaspace       used 11728K, committed 11968K, reserved 1114112K
  class space    used 1483K, committed 1600K, reserved 1048576K
}

Deoptimization events (20 events):
Event: 3.966 Thread 0x000001afdae259d0 Uncommon trap: trap_request=0xffffffc6 fr.pc=0x000001afea301914 relative=0x0000000000000454
Event: 3.966 Thread 0x000001afdae259d0 Uncommon trap: reason=bimorphic_or_optimized_type_check action=maybe_recompile pc=0x000001afea301914 method=java.util.HashMap.getNode(Ljava/lang/Object;)Ljava/util/HashMap$Node; @ 128 c2
Event: 3.966 Thread 0x000001afdae259d0 DEOPT PACKING pc=0x000001afea301914 sp=0x000000949f6f82e0
Event: 3.966 Thread 0x000001afdae259d0 DEOPT UNPACKING pc=0x000001afe9b923a3 sp=0x000000949f6f8258 mode 2
Event: 3.966 Thread 0x000001afdae259d0 Uncommon trap: trap_request=0xffffffc6 fr.pc=0x000001afea301914 relative=0x0000000000000454
Event: 3.966 Thread 0x000001afdae259d0 Uncommon trap: reason=bimorphic_or_optimized_type_check action=maybe_recompile pc=0x000001afea301914 method=java.util.HashMap.getNode(Ljava/lang/Object;)Ljava/util/HashMap$Node; @ 128 c2
Event: 3.966 Thread 0x000001afdae259d0 DEOPT PACKING pc=0x000001afea301914 sp=0x000000949f6f82e0
Event: 3.966 Thread 0x000001afdae259d0 DEOPT UNPACKING pc=0x000001afe9b923a3 sp=0x000000949f6f8258 mode 2
Event: 3.967 Thread 0x000001afdae259d0 Uncommon trap: trap_request=0xffffffc6 fr.pc=0x000001afea33c5d0 relative=0x00000000000007d0
Event: 3.967 Thread 0x000001afdae259d0 Uncommon trap: reason=bimorphic_or_optimized_type_check action=maybe_recompile pc=0x000001afea33c5d0 method=java.util.HashMap.putVal(ILjava/lang/Object;Ljava/lang/Object;ZZ)Ljava/lang/Object; @ 203 c2
Event: 3.967 Thread 0x000001afdae259d0 DEOPT PACKING pc=0x000001afea33c5d0 sp=0x000000949f6f82b0
Event: 3.967 Thread 0x000001afdae259d0 DEOPT UNPACKING pc=0x000001afe9b923a3 sp=0x000000949f6f8240 mode 2
Event: 3.967 Thread 0x000001afdae259d0 Uncommon trap: trap_request=0xffffffc6 fr.pc=0x000001afea33c5d0 relative=0x00000000000007d0
Event: 3.967 Thread 0x000001afdae259d0 Uncommon trap: reason=bimorphic_or_optimized_type_check action=maybe_recompile pc=0x000001afea33c5d0 method=java.util.HashMap.putVal(ILjava/lang/Object;Ljava/lang/Object;ZZ)Ljava/lang/Object; @ 203 c2
Event: 3.967 Thread 0x000001afdae259d0 DEOPT PACKING pc=0x000001afea33c5d0 sp=0x000000949f6f82b0
Event: 3.967 Thread 0x000001afdae259d0 DEOPT UNPACKING pc=0x000001afe9b923a3 sp=0x000000949f6f8240 mode 2
Event: 3.968 Thread 0x000001afdae259d0 Uncommon trap: trap_request=0xffffffc6 fr.pc=0x000001afea301914 relative=0x0000000000000454
Event: 3.968 Thread 0x000001afdae259d0 Uncommon trap: reason=bimorphic_or_optimized_type_check action=maybe_recompile pc=0x000001afea301914 method=java.util.HashMap.getNode(Ljava/lang/Object;)Ljava/util/HashMap$Node; @ 128 c2
Event: 3.968 Thread 0x000001afdae259d0 DEOPT PACKING pc=0x000001afea301914 sp=0x000000949f6f82e0
Event: 3.968 Thread 0x000001afdae259d0 DEOPT UNPACKING pc=0x000001afe9b923a3 sp=0x000000949f6f8258 mode 2

Classes unloaded (0 events):
No events

Classes redefined (0 events):
No events

Internal exceptions (20 events):
Event: 2.543 Thread 0x000001afdae259d0 Exception <a 'java/lang/NoSuchMethodError'{0x0000000717ad83b8}: 'int java.lang.invoke.DirectMethodHandle$Holder.invokeInterface(java.lang.Object, java.lang.Object)'> (0x0000000717ad83b8) 
thrown [s\open\src\hotspot\share\interpreter\linkResolver.cpp, line 759]
Event: 2.598 Thread 0x000001afdae259d0 Exception <a 'java/lang/NoSuchMethodError'{0x0000000717bc9c08}: 'void java.lang.invoke.DirectMethodHandle$Holder.invokeStaticInit(java.lang.Object, java.lang.Object)'> (0x0000000717bc9c08) 
thrown [s\open\src\hotspot\share\interpreter\linkResolver.cpp, line 759]
Event: 2.701 Thread 0x000001afdae259d0 Exception <a 'java/lang/NoSuchMethodError'{0x00000007178b41e8}: 'int java.lang.invoke.DirectMethodHandle$Holder.invokeVirtual(java.lang.Object, java.lang.Object, java.lang.Object)'> (0x00000007178b41e8) 
thrown [s\open\src\hotspot\share\interpreter\linkResolver.cpp, line 759]
Event: 2.826 Thread 0x000001afdae259d0 Exception <a 'java/lang/IncompatibleClassChangeError'{0x0000000717657a90}: Found class java.lang.Object, but interface was expected> (0x0000000717657a90) 
thrown [s\open\src\hotspot\share\interpreter\linkResolver.cpp, line 826]
Event: 2.933 Thread 0x000001afdae259d0 Exception <a 'java/lang/NoSuchMethodError'{0x00000007177b8ad8}: 'int java.lang.invoke.DirectMethodHandle$Holder.invokeSpecial(java.lang.Object, java.lang.Object, java.lang.Object, java.lang.Object)'> (0x00000007177b8ad8) 
thrown [s\open\src\hotspot\share\interpreter\linkResolver.cpp, line 759]
Event: 2.947 Thread 0x000001afdae259d0 Exception <a 'sun/nio/fs/WindowsException'{0x00000007177d63d8}> (0x00000007177d63d8) 
thrown [s\open\src\hotspot\share\prims\jni.cpp, line 516]
Event: 2.950 Thread 0x000001afdae259d0 Exception <a 'java/lang/NoSuchMethodError'{0x00000007177d7c40}: 'int java.lang.invoke.DirectMethodHandle$Holder.invokeSpecial(java.lang.Object, java.lang.Object, java.lang.Object, java.lang.Object, java.lang.Object)'> (0x00000007177d7c40) 
thrown [s\open\src\hotspot\share\interpreter\linkResolver.cpp, line 759]
Event: 2.959 Thread 0x000001afdae259d0 Exception <a 'java/lang/NoSuchMethodError'{0x00000007177e0d48}: 'void java.lang.invoke.DirectMethodHandle$Holder.invokeVirtual(java.lang.Object, java.lang.Object)'> (0x00000007177e0d48) 
thrown [s\open\src\hotspot\share\interpreter\linkResolver.cpp, line 759]
Event: 2.968 Thread 0x000001afdae259d0 Exception <a 'sun/nio/fs/WindowsException'{0x00000007177ff7c8}> (0x00000007177ff7c8) 
thrown [s\open\src\hotspot\share\prims\jni.cpp, line 516]
Event: 3.209 Thread 0x000001afdae259d0 Exception <a 'java/lang/NoSuchMethodError'{0x00000007172bc970}: 'void java.lang.invoke.DirectMethodHandle$Holder.invokeVirtual(java.lang.Object, java.lang.Object, java.lang.Object, java.lang.Object)'> (0x00000007172bc970) 
thrown [s\open\src\hotspot\share\interpreter\linkResolver.cpp, line 759]
Event: 3.494 Thread 0x000001afdae259d0 Exception <a 'java/lang/NoSuchMethodError'{0x0000000716f35148}: 'java.lang.Object java.lang.invoke.DirectMethodHandle$Holder.newInvokeSpecial(java.lang.Object, java.lang.Object, java.lang.Object, java.lang.Object, java.lang.Object, java.lang.Object, java.lang.Object)'> (0x0000000716f35148) 
thrown [s\open\src\hotspot\share\interpreter\linkResolver.cpp, line 759]
Event: 3.495 Thread 0x000001afdae259d0 Exception <a 'java/lang/NoSuchMethodError'{0x0000000716f3a638}: 'java.lang.Object java.lang.invoke.Invokers$Holder.linkToTargetMethod(java.lang.Object, java.lang.Object, java.lang.Object, java.lang.Object, java.lang.Object, java.lang.Object, java.lang.Object)'> (0x0000000716f3a638) 
thrown [s\open\src\hotspot\share\interpreter\linkResolver.cpp, line 759]
Event: 3.496 Thread 0x000001afdae259d0 Implicit null exception at 0x000001afea30850e to 0x000001afea308934
Event: 3.579 Thread 0x000001afdae259d0 Exception <a 'java/lang/reflect/InvocationTargetException'{0x0000000716c494a8}> (0x0000000716c494a8) 
thrown [s\open\src\hotspot\share\runtime\reflection.cpp, line 1121]
Event: 3.641 Thread 0x000001afdae259d0 Exception <a 'java/lang/NoSuchMethodError'{0x0000000716d4b588}: 'java.lang.Object java.lang.invoke.DirectMethodHandle$Holder.invokeInterface(java.lang.Object, java.lang.Object, java.lang.Object, java.lang.Object)'> (0x0000000716d4b588) 
thrown [s\open\src\hotspot\share\interpreter\linkResolver.cpp, line 759]
Event: 3.652 Thread 0x000001afdae259d0 Exception <a 'java/lang/NoSuchMethodError'{0x0000000716d69f38}: 'java.lang.Object java.lang.invoke.DirectMethodHandle$Holder.newInvokeSpecial(java.lang.Object, java.lang.Object, java.lang.Object, java.lang.Object, int)'> (0x0000000716d69f38) 
thrown [s\open\src\hotspot\share\interpreter\linkResolver.cpp, line 759]
Event: 3.652 Thread 0x000001afdae259d0 Exception <a 'java/lang/NoSuchMethodError'{0x0000000716d6e708}: 'java.lang.Object java.lang.invoke.DirectMethodHandle$Holder.invokeSpecial(java.lang.Object, java.lang.Object, java.lang.Object, java.lang.Object, java.lang.Object, int)'> (0x0000000716d6e708) 
thrown [s\open\src\hotspot\share\interpreter\linkResolver.cpp, line 759]
Event: 3.653 Thread 0x000001afdae259d0 Exception <a 'java/lang/NoSuchMethodError'{0x0000000716d72698}: 'java.lang.Object java.lang.invoke.Invokers$Holder.linkToTargetMethod(java.lang.Object, java.lang.Object, java.lang.Object, int, java.lang.Object)'> (0x0000000716d72698) 
thrown [s\open\src\hotspot\share\interpreter\linkResolver.cpp, line 759]
Event: 3.671 Thread 0x000001afdae259d0 Exception <a 'java/lang/NoSuchMethodError'{0x0000000716da98e8}: 'java.lang.Object java.lang.invoke.DirectMethodHandle$Holder.invokeInterface(java.lang.Object, java.lang.Object, java.lang.Object, java.lang.Object, java.lang.Object)'> (0x0000000716da98e8) 
thrown [s\open\src\hotspot\share\interpreter\linkResolver.cpp, line 759]
Event: 3.671 Thread 0x000001afdae259d0 Exception <a 'java/lang/IncompatibleClassChangeError'{0x0000000716dad6e0}: Found class java.lang.Object, but interface was expected> (0x0000000716dad6e0) 
thrown [s\open\src\hotspot\share\interpreter\linkResolver.cpp, line 826]

VM Operations (20 events):
Event: 2.547 Executing VM operation: Cleanup
Event: 2.547 Executing VM operation: Cleanup done
Event: 2.870 Executing VM operation: HandshakeAllThreads
Event: 2.870 Executing VM operation: HandshakeAllThreads done
Event: 2.963 Executing VM operation: HandshakeAllThreads
Event: 2.963 Executing VM operation: HandshakeAllThreads done
Event: 3.198 Executing VM operation: HandshakeAllThreads
Event: 3.198 Executing VM operation: HandshakeAllThreads done
Event: 3.682 Executing VM operation: HandshakeAllThreads
Event: 3.683 Executing VM operation: HandshakeAllThreads done
Event: 3.683 Executing VM operation: Cleanup
Event: 3.683 Executing VM operation: Cleanup done
Event: 3.760 Executing VM operation: G1CollectForAllocation
Event: 3.766 Executing VM operation: G1CollectForAllocation done
Event: 3.852 Executing VM operation: HandshakeAllThreads
Event: 3.852 Executing VM operation: HandshakeAllThreads done
Event: 3.876 Executing VM operation: HandshakeAllThreads
Event: 3.876 Executing VM operation: HandshakeAllThreads done
Event: 3.891 Executing VM operation: HandshakeAllThreads
Event: 3.891 Executing VM operation: HandshakeAllThreads done

Events (20 events):
Event: 4.020 loading class java/security/MessageDigestSpi
Event: 4.022 loading class java/security/MessageDigestSpi done
Event: 4.022 loading class java/security/MessageDigest done
Event: 4.022 loading class sun/security/provider/SHA2$SHA256
Event: 4.023 loading class sun/security/provider/SHA2
Event: 4.023 loading class sun/security/provider/DigestBase
Event: 4.023 loading class sun/security/provider/DigestBase done
Event: 4.023 loading class sun/security/provider/SHA2 done
Event: 4.023 loading class sun/security/provider/SHA2$SHA256 done
Event: 4.024 loading class java/security/MessageDigest$Delegate
Event: 4.024 loading class sun/security/util/MessageDigestSpi2
Event: 4.024 loading class sun/security/util/MessageDigestSpi2 done
Event: 4.024 loading class java/security/MessageDigest$Delegate done
Event: 4.025 loading class java/security/MessageDigest$Delegate$CloneableDelegate
Event: 4.025 loading class java/security/MessageDigest$Delegate$CloneableDelegate done
Event: 4.025 loading class sun/security/provider/ByteArrayAccess
Event: 4.025 loading class sun/security/provider/ByteArrayAccess done
Event: 4.027 loading class sun/security/provider/ByteArrayAccess$BE
Event: 4.027 loading class sun/security/provider/ByteArrayAccess$BE done
Event: 4.027 loading class java/lang/invoke/VarHandleByteArrayAsInts$ArrayHandle


Dynamic libraries:
0x00007ff6fb010000 - 0x00007ff6fb020000 	C:\Program Files\Java\jdk-17\bin\java.exe
0x00007ff8c66d0000 - 0x00007ff8c68c8000 	C:\WINDOWS\SYSTEM32\ntdll.dll
0x00007ff8c60c0000 - 0x00007ff8c6182000 	C:\WINDOWS\System32\KERNEL32.DLL
0x00007ff8c3e30000 - 0x00007ff8c4126000 	C:\WINDOWS\System32\KERNELBASE.dll
0x00007ff8c4130000 - 0x00007ff8c4230000 	C:\WINDOWS\System32\ucrtbase.dll
0x00007ff890aa0000 - 0x00007ff890ab9000 	C:\Program Files\Java\jdk-17\bin\jli.dll
0x00007ff8c46f0000 - 0x00007ff8c479f000 	C:\WINDOWS\System32\ADVAPI32.dll
0x00007ff8b2f60000 - 0x00007ff8b2f7b000 	C:\Program Files\Java\jdk-17\bin\VCRUNTIME140.dll
0x00007ff8c5850000 - 0x00007ff8c58ee000 	C:\WINDOWS\System32\msvcrt.dll
0x00007ff8c5310000 - 0x00007ff8c53af000 	C:\WINDOWS\System32\sechost.dll
0x00007ff8c4d70000 - 0x00007ff8c4e93000 	C:\WINDOWS\System32\RPCRT4.dll
0x00007ff8c3e00000 - 0x00007ff8c3e27000 	C:\WINDOWS\System32\bcrypt.dll
0x00007ff8c4870000 - 0x00007ff8c4a0d000 	C:\WINDOWS\System32\USER32.dll
0x00007ff8b37c0000 - 0x00007ff8b3a5a000 	C:\WINDOWS\WinSxS\amd64_microsoft.windows.common-controls_6595b64144ccf1df_6.0.19041.4355_none_60b8b9eb71f62e16\COMCTL32.dll
0x00007ff8c46c0000 - 0x00007ff8c46e2000 	C:\WINDOWS\System32\win32u.dll
0x00007ff8c4c00000 - 0x00007ff8c4c2b000 	C:\WINDOWS\System32\GDI32.dll
0x00007ff8c45a0000 - 0x00007ff8c46ba000 	C:\WINDOWS\System32\gdi32full.dll
0x00007ff8c3d60000 - 0x00007ff8c3dfd000 	C:\WINDOWS\System32\msvcp_win.dll
0x00007ff8bb540000 - 0x00007ff8bb54a000 	C:\WINDOWS\SYSTEM32\VERSION.dll
0x00007ff8c4eb0000 - 0x00007ff8c4edf000 	C:\WINDOWS\System32\IMM32.DLL
0x00007ff8b2e30000 - 0x00007ff8b2e3c000 	C:\Program Files\Java\jdk-17\bin\vcruntime140_1.dll
0x00007ff887ca0000 - 0x00007ff887d2e000 	C:\Program Files\Java\jdk-17\bin\msvcp140.dll
0x00007ff882380000 - 0x00007ff882f60000 	C:\Program Files\Java\jdk-17\bin\server\jvm.dll
0x00007ff8c6190000 - 0x00007ff8c6198000 	C:\WINDOWS\System32\PSAPI.DLL
0x00007ff8a85d0000 - 0x00007ff8a85d9000 	C:\WINDOWS\SYSTEM32\WSOCK32.dll
0x00007ff8ba3c0000 - 0x00007ff8ba3e7000 	C:\WINDOWS\SYSTEM32\WINMM.dll
0x00007ff8c61a0000 - 0x00007ff8c620b000 	C:\WINDOWS\System32\WS2_32.dll
0x00007ff8c2540000 - 0x00007ff8c2552000 	C:\WINDOWS\SYSTEM32\kernel.appcore.dll
0x00007ff8b2870000 - 0x00007ff8b287a000 	C:\Program Files\Java\jdk-17\bin\jimage.dll
0x00007ff8c19a0000 - 0x00007ff8c1b84000 	C:\WINDOWS\SYSTEM32\DBGHELP.DLL
0x00007ff8ba520000 - 0x00007ff8ba554000 	C:\WINDOWS\SYSTEM32\dbgcore.DLL
0x00007ff8c4490000 - 0x00007ff8c4512000 	C:\WINDOWS\System32\bcryptPrimitives.dll
0x00007ff88be10000 - 0x00007ff88be35000 	C:\Program Files\Java\jdk-17\bin\java.dll
0x00007ff8872a0000 - 0x00007ff887377000 	C:\Program Files\Java\jdk-17\bin\jsvml.dll
0x00007ff8c58f0000 - 0x00007ff8c605f000 	C:\WINDOWS\System32\SHELL32.dll
0x00007ff8c1d80000 - 0x00007ff8c2523000 	C:\WINDOWS\SYSTEM32\windows.storage.dll
0x00007ff8c4f50000 - 0x00007ff8c52a5000 	C:\WINDOWS\System32\combase.dll
0x00007ff8c3790000 - 0x00007ff8c37bb000 	C:\WINDOWS\SYSTEM32\Wldp.dll
0x00007ff8c47a0000 - 0x00007ff8c486d000 	C:\WINDOWS\System32\OLEAUT32.dll
0x00007ff8c4b30000 - 0x00007ff8c4bdd000 	C:\WINDOWS\System32\SHCORE.dll
0x00007ff8c6060000 - 0x00007ff8c60b5000 	C:\WINDOWS\System32\shlwapi.dll
0x00007ff8c3c90000 - 0x00007ff8c3cb5000 	C:\WINDOWS\SYSTEM32\profapi.dll
0x00007ff88f250000 - 0x00007ff88f269000 	C:\Program Files\Java\jdk-17\bin\net.dll
0x00007ff8c0200000 - 0x00007ff8c030a000 	C:\WINDOWS\SYSTEM32\WINHTTP.dll
0x00007ff8c3480000 - 0x00007ff8c34ec000 	C:\WINDOWS\system32\mswsock.dll
0x00007ff887a00000 - 0x00007ff887a16000 	C:\Program Files\Java\jdk-17\bin\nio.dll
0x00007ff8879e0000 - 0x00007ff8879f8000 	C:\Program Files\Java\jdk-17\bin\zip.dll
0x00007ff8bd9e0000 - 0x00007ff8bd9ea000 	C:\Program Files\Java\jdk-17\bin\management.dll
0x00007ff8bd9d0000 - 0x00007ff8bd9db000 	C:\Program Files\Java\jdk-17\bin\management_ext.dll

dbghelp: loaded successfully - version: 4.0.5 - missing functions: none
symbol engine: initialized successfully - sym options: 0x614 - pdb path: .;C:\Program Files\Java\jdk-17\bin;C:\WINDOWS\SYSTEM32;C:\WINDOWS\WinSxS\amd64_microsoft.windows.common-controls_6595b64144ccf1df_6.0.19041.4355_none_60b8b9eb71f62e16;C:\Program Files\Java\jdk-17\bin\server

VM Arguments:
java_command: C:\Users\phucs\AppData\Local\Temp\surefire17952508979938221706\surefirebooter-20250415115310809_3.jar C:\Users\phucs\AppData\Local\Temp\surefire17952508979938221706 2025-04-15T11-53-10_371-jvmRun1 surefire-20250415115310809_1tmp surefire_0-20250415115310809_2tmp
java_class_path (initial): C:\Users\phucs\AppData\Local\Temp\surefire17952508979938221706\surefirebooter-20250415115310809_3.jar
Launcher Type: SUN_STANDARD

[Global flags]
     intx CICompilerCount                          = 12                                        {product} {ergonomic}
     uint ConcGCThreads                            = 3                                         {product} {ergonomic}
     uint G1ConcRefinementThreads                  = 13                                        {product} {ergonomic}
   size_t G1HeapRegionSize                         = 2097152                                   {product} {ergonomic}
    uintx GCDrainStackTargetSize                   = 64                                        {product} {ergonomic}
   size_t InitialHeapSize                          = 260046848                                 {product} {ergonomic}
   size_t MarkStackSize                            = 4194304                                   {product} {ergonomic}
   size_t MaxHeapSize                              = 4139778048                                {product} {ergonomic}
   size_t MaxNewSize                               = 2483027968                                {product} {ergonomic}
   size_t MinHeapDeltaBytes                        = 2097152                                   {product} {ergonomic}
   size_t MinHeapSize                              = 8388608                                   {product} {ergonomic}
    uintx NonNMethodCodeHeapSize                   = 7602480                                {pd product} {ergonomic}
    uintx NonProfiledCodeHeapSize                  = 122027880                              {pd product} {ergonomic}
    uintx ProfiledCodeHeapSize                     = 122027880                              {pd product} {ergonomic}
    uintx ReservedCodeCacheSize                    = 251658240                              {pd product} {ergonomic}
     bool SegmentedCodeCache                       = true                                      {product} {ergonomic}
   size_t SoftMaxHeapSize                          = 4139778048                             {manageable} {ergonomic}
     bool UseCompressedClassPointers               = true                           {product lp64_product} {ergonomic}
     bool UseCompressedOops                        = true                           {product lp64_product} {ergonomic}
     bool UseG1GC                                  = true                                      {product} {ergonomic}
     bool UseLargePagesIndividualAllocation        = false                                  {pd product} {ergonomic}

Logging:
Log output configuration:
 #0: stdout all=warning uptime,level,tags
 #1: stderr all=off uptime,level,tags

Environment Variables:
JAVA_HOME=C:\Program Files\Java\jdk-17
PATH=C:\Program Files (x86)\Common Files\Oracle\Java\javapath;C:\Users\phucs\Oracle\bin;C:\WINDOWS\system32;C:\WINDOWS;C:\WINDOWS\System32\Wbem;C:\WINDOWS\System32\WindowsPowerShell\v1.0\;C:\WINDOWS\System32\OpenSSH\;C:\Program Files\nodejs\;C:\Program Files\Docker\Docker\resources\bin;C:\Program Files\Git\cmd;C:\Program Files\dotnet\;C:\Program Files\apache-maven-3.9.6\bin;C:\springboot-3.3.0\bin;C:\Program Files\PuTTY\;C:\Program Files\Microsoft SQL Server\150\Tools\Binn\;C:\Program Files\Microsoft SQL Server\Client SDK\ODBC\170\Tools\Binn\;C:\Program Files (x86)\Microsoft SQL Server\160\Tools\Binn\;C:\Program Files\Microsoft SQL Server\160\Tools\Binn\;C:\Program Files\Microsoft SQL Server\160\DTS\Binn\;C:\Program Files (x86)\Microsoft SQL Server\160\DTS\Binn\;C:\Users\phucs\AppData\Local\Microsoft\WindowsApps;C:\Users\phucs\AppData\Local\JetBrains\Toolbox\scripts;C:\Users\phucs\AppData\Local\Programs\Microsoft VS Code\bin;C:\Users\phucs\AppData\Roaming\npm;C:\Users\phucs\AppData\Local\GitHubDesktop\bin;C:\springboot-3.3.0\bin;C:\Program Files\Java\jdk-10.0.2;C:\Users\phucs\AppData\Local\Programs\cursor\resources\app\bin;C:\Users\phucs\.dotnet\tools
USERNAME=phucs
OS=Windows_NT
PROCESSOR_IDENTIFIER=AMD64 Family 23 Model 96 Stepping 1, AuthenticAMD



---------------  S Y S T E M  ---------------

OS:
 Windows 10 , 64 bit Build 19041 (10.0.19041.5678)
OS uptime: 0 days 14:14 hours
Hyper-V role detected

CPU: total 16 (initial active 16) (16 cores per cpu, 2 threads per core) family 23 model 96 stepping 1 microcode 0x0, cx8, cmov, fxsr, ht, mmx, 3dnowpref, sse, sse2, sse3, ssse3, sse4a, sse4.1, sse4.2, popcnt, lzcnt, tsc, tscinvbit, avx, avx2, aes, clmul, bmi1, bmi2, adx, sha, fma, vzeroupper, clflush, clflushopt, hv

Memory: 4k page, system-wide physical 15791M (476M free)
TotalPageFile size 35109M (AvailPageFile size 12M)
current process WorkingSet (physical memory assigned to process): 137M, peak: 140M
current process commit charge ("private bytes"): 400M, peak: 403M

vm_info: Java HotSpot(TM) 64-Bit Server VM (17.0.11+7-LTS-207) for windows-amd64 JRE (17.0.11+7-LTS-207), built on Mar 11 2024 19:01:50 by "mach5one" with MS VC++ 17.6 (VS2022)

END.
