#
# There is insufficient memory for the Java Runtime Environment to continue.
# Native memory allocation (malloc) failed to allocate 1159696 bytes. Error detail: Chunk::new
# Possible reasons:
#   The system is out of physical RAM or swap space
#   This process is running with CompressedOops enabled, and the Java Heap may be blocking the growth of the native heap
# Possible solutions:
#   Reduce memory load on the system
#   Increase physical memory or swap space
#   Check if swap backing store is full
#   Decrease Java heap size (-Xmx/-Xms)
#   Decrease number of Java threads
#   Decrease Java thread stack sizes (-Xss)
#   Set larger code cache with -XX:ReservedCodeCacheSize=
#   JVM is running with Zero Based Compressed Oops mode in which the Java heap is
#     placed in the first 32GB address space. The Java Heap base address is the
#     maximum limit for the native heap growth. Please use -XX:HeapBaseMinAddress
#     to set the Java Heap base and to place the Java Heap above 32GB virtual address.
# This output file may be truncated or incomplete.
#
#  Out of Memory Error (arena.cpp:149), pid=16372, tid=18424
#
# JRE version: OpenJDK Runtime Environment (23.0.2+7) (build 23.0.2+7-58)
# Java VM: OpenJDK 64-Bit Server VM (23.0.2+7-58, mixed mode, sharing, tiered, compressed oops, compressed class ptrs, g1 gc, windows-amd64)
# No core dump will be written. Minidumps are not enabled by default on client versions of Windows
#

---------------  S U M M A R Y ------------

Command Line: -javaagent:C:\Users\phucs\AppData\Local\Programs\IntelliJ IDEA Community Edition\lib\idea_rt.jar=57484:C:\Users\phucs\AppData\Local\Programs\IntelliJ IDEA Community Edition\bin -Dfile.encoding=UTF-8 -Dsun.stdout.encoding=UTF-8 -Dsun.stderr.encoding=UTF-8 com.frontice.auth_service.AuthServiceApplication

Host: AMD Ryzen 7 4800H with Radeon Graphics         , 16 cores, 15G,  Windows 10 , 64 bit Build 19041 (10.0.19041.5678)
Time: Tue Apr 15 11:59:30 2025 SE Asia Standard Time elapsed time: 36.832243 seconds (0d 0h 0m 36s)

---------------  T H R E A D  ---------------

Current thread (0x000001d54f670570):  JavaThread "C2 CompilerThread0" daemon [_thread_in_native, id=18424, stack(0x00000054ea200000,0x00000054ea300000) (1024K)]


Current CompileTask:
C2:36832 9465   !   4       org.springframework.util.ReflectionUtils::doWithMethods (189 bytes)

Stack: [0x00000054ea200000,0x00000054ea300000]
Native frames: (J=compiled Java code, j=interpreted, Vv=VM code, C=native code)
V  [jvm.dll+0x6e0b99]  (no source info available)
V  [jvm.dll+0x87e2b3]  (no source info available)
V  [jvm.dll+0x88073e]  (no source info available)
V  [jvm.dll+0x880e13]  (no source info available)
V  [jvm.dll+0x27b006]  (no source info available)
V  [jvm.dll+0xbc06f]  (no source info available)
V  [jvm.dll+0xbc2cb]  (no source info available)
V  [jvm.dll+0x2eea6d]  (no source info available)
V  [jvm.dll+0x606669]  (no source info available)
V  [jvm.dll+0x24def2]  (no source info available)
V  [jvm.dll+0x2469c4]  (no source info available)
V  [jvm.dll+0x243e04]  (no source info available)
V  [jvm.dll+0x1c34b0]  (no source info available)
V  [jvm.dll+0x253df1]  (no source info available)
V  [jvm.dll+0x2520aa]  (no source info available)
V  [jvm.dll+0x3ee226]  (no source info available)
V  [jvm.dll+0x8254cb]  (no source info available)
V  [jvm.dll+0x6df345]  (no source info available)
C  [ucrtbase.dll+0x21bb2]  (no source info available)
C  [KERNEL32.DLL+0x17374]  (no source info available)
C  [ntdll.dll+0x4cc91]  (no source info available)

Lock stack of current Java thread (top to bottom):


---------------  P R O C E S S  ---------------

Threads class SMR info:
_java_thread_list=0x000001d598acf520, length=24, elements={
0x000001d52f8a16f0, 0x000001d54f2faee0, 0x000001d54f2fbdb0, 0x000001d54f2fddb0,
0x000001d54f2fe810, 0x000001d54f2ff420, 0x000001d54f308040, 0x000001d54f670570,
0x000001d54f30b820, 0x000001d54f871c70, 0x000001d54f88b6c0, 0x000001d59520afa0,
0x000001d5952e5100, 0x000001d595a4f8b0, 0x000001d595cfe870, 0x000001d597a822c0,
0x000001d597a801f0, 0x000001d597a80f10, 0x000001d597a815a0, 0x000001d597a81c30,
0x000001d597a82950, 0x000001d5984900c0, 0x000001d597a83d00, 0x000001d597a83670
}

Java Threads: ( => current thread )
  0x000001d52f8a16f0 JavaThread "main"                              [_thread_blocked, id=18060, stack(0x00000054e9400000,0x00000054e9500000) (1024K)]
  0x000001d54f2faee0 JavaThread "Reference Handler"          daemon [_thread_blocked, id=12408, stack(0x00000054e9c00000,0x00000054e9d00000) (1024K)]
  0x000001d54f2fbdb0 JavaThread "Finalizer"                  daemon [_thread_blocked, id=29556, stack(0x00000054e9d00000,0x00000054e9e00000) (1024K)]
  0x000001d54f2fddb0 JavaThread "Signal Dispatcher"          daemon [_thread_blocked, id=15208, stack(0x00000054e9e00000,0x00000054e9f00000) (1024K)]
  0x000001d54f2fe810 JavaThread "Attach Listener"            daemon [_thread_blocked, id=15452, stack(0x00000054e9f00000,0x00000054ea000000) (1024K)]
  0x000001d54f2ff420 JavaThread "Service Thread"             daemon [_thread_blocked, id=29120, stack(0x00000054ea000000,0x00000054ea100000) (1024K)]
  0x000001d54f308040 JavaThread "Monitor Deflation Thread"   daemon [_thread_blocked, id=20488, stack(0x00000054ea100000,0x00000054ea200000) (1024K)]
=>0x000001d54f670570 JavaThread "C2 CompilerThread0"         daemon [_thread_in_native, id=18424, stack(0x00000054ea200000,0x00000054ea300000) (1024K)]
  0x000001d54f30b820 JavaThread "C1 CompilerThread0"         daemon [_thread_blocked, id=11056, stack(0x00000054ea300000,0x00000054ea400000) (1024K)]
  0x000001d54f871c70 JavaThread "Common-Cleaner"             daemon [_thread_blocked, id=28164, stack(0x00000054ea400000,0x00000054ea500000) (1024K)]
  0x000001d54f88b6c0 JavaThread "C1 CompilerThread1"         daemon [_thread_blocked, id=23096, stack(0x00000054ea500000,0x00000054ea600000) (1024K)]
  0x000001d59520afa0 JavaThread "Monitor Ctrl-Break"         daemon [_thread_in_native, id=22616, stack(0x00000054ea700000,0x00000054ea800000) (1024K)]
  0x000001d5952e5100 JavaThread "Notification Thread"        daemon [_thread_blocked, id=22544, stack(0x00000054ea800000,0x00000054ea900000) (1024K)]
  0x000001d595a4f8b0 JavaThread "Thread-0"                          [_thread_blocked, id=28160, stack(0x00000054eb400000,0x00000054eb500000) (1024K)]
  0x000001d595cfe870 JavaThread "restartedMain"                     [_thread_in_native, id=27968, stack(0x00000054eb500000,0x00000054eb600000) (1024K)]
  0x000001d597a822c0 JavaThread "Catalina-utility-1"                [_thread_blocked, id=25828, stack(0x00000054eb900000,0x00000054eba00000) (1024K)]
  0x000001d597a801f0 JavaThread "Catalina-utility-2"                [_thread_blocked, id=22540, stack(0x00000054ebc00000,0x00000054ebd00000) (1024K)]
  0x000001d597a80f10 JavaThread "container-0"                       [_thread_blocked, id=21084, stack(0x00000054ebd00000,0x00000054ebe00000) (1024K)]
  0x000001d597a815a0 JavaThread "PostgreSQL-JDBC-Cleaner"    daemon [_thread_blocked, id=16416, stack(0x00000054ea900000,0x00000054eaa00000) (1024K)]
  0x000001d597a81c30 JavaThread "HikariPool-1 housekeeper"   daemon [_thread_blocked, id=4396, stack(0x00000054eaa00000,0x00000054eab00000) (1024K)]
  0x000001d597a82950 JavaThread "HikariPool-1 connection adder" daemon [_thread_blocked, id=29104, stack(0x00000054ebf00000,0x00000054ec000000) (1024K)]
  0x000001d5984900c0 JavaThread "C2 CompilerThread1"         daemon [_thread_in_native, id=26464, stack(0x00000054ec100000,0x00000054ec200000) (1024K)]
  0x000001d597a83d00 JavaThread "spring.cloud.inetutils"     daemon [_thread_blocked, id=26892, stack(0x00000054ec200000,0x00000054ec300000) (1024K)]
  0x000001d597a83670 JavaThread "lettuce-timer-3-1"          daemon [_thread_blocked, id=3428, stack(0x00000054ec300000,0x00000054ec400000) (1024K)]
Total: 24

Other Threads:
  0x000001d54f2e27b0 VMThread "VM Thread"                           [id=15676, stack(0x00000054e9b00000,0x00000054e9c00000) (1024K)]
  0x000001d54f2cf600 WatcherThread "VM Periodic Task Thread"        [id=27236, stack(0x00000054e9a00000,0x00000054e9b00000) (1024K)]
  0x000001d52f908df0 WorkerThread "GC Thread#0"                     [id=22860, stack(0x00000054e9500000,0x00000054e9600000) (1024K)]
  0x000001d59586aeb0 WorkerThread "GC Thread#1"                     [id=1368, stack(0x00000054eab00000,0x00000054eac00000) (1024K)]
  0x000001d59586b260 WorkerThread "GC Thread#2"                     [id=26708, stack(0x00000054eac00000,0x00000054ead00000) (1024K)]
  0x000001d59586b610 WorkerThread "GC Thread#3"                     [id=21572, stack(0x00000054ead00000,0x00000054eae00000) (1024K)]
  0x000001d595aaf720 WorkerThread "GC Thread#4"                     [id=22584, stack(0x00000054eae00000,0x00000054eaf00000) (1024K)]
  0x000001d595e350d0 WorkerThread "GC Thread#5"                     [id=4292, stack(0x00000054eaf00000,0x00000054eb000000) (1024K)]
  0x000001d595f47c80 WorkerThread "GC Thread#6"                     [id=7836, stack(0x00000054eb000000,0x00000054eb100000) (1024K)]
  0x000001d595f49050 WorkerThread "GC Thread#7"                     [id=14972, stack(0x00000054eb100000,0x00000054eb200000) (1024K)]
  0x000001d595f49400 WorkerThread "GC Thread#8"                     [id=12092, stack(0x00000054eb200000,0x00000054eb300000) (1024K)]
  0x000001d595f49fc0 WorkerThread "GC Thread#9"                     [id=19816, stack(0x00000054eb300000,0x00000054eb400000) (1024K)]
  0x000001d5961f6460 WorkerThread "GC Thread#10"                    [id=21532, stack(0x00000054eb600000,0x00000054eb700000) (1024K)]
  0x000001d595fc2ff0 WorkerThread "GC Thread#11"                    [id=17352, stack(0x00000054eb700000,0x00000054eb800000) (1024K)]
  0x000001d595fc24e0 WorkerThread "GC Thread#12"                    [id=14768, stack(0x00000054eb800000,0x00000054eb900000) (1024K)]
  0x000001d52f91d370 ConcurrentGCThread "G1 Main Marker"            [id=29084, stack(0x00000054e9600000,0x00000054e9700000) (1024K)]
  0x000001d52f91dd90 WorkerThread "G1 Conc#0"                       [id=15852, stack(0x00000054e9700000,0x00000054e9800000) (1024K)]
  0x000001d595fc33a0 WorkerThread "G1 Conc#1"                       [id=12192, stack(0x00000054eba00000,0x00000054ebb00000) (1024K)]
  0x000001d595fc1d80 WorkerThread "G1 Conc#2"                       [id=10684, stack(0x00000054ebb00000,0x00000054ebc00000) (1024K)]
  0x000001d54f1a27a0 ConcurrentGCThread "G1 Refine#0"               [id=17696, stack(0x00000054e9800000,0x00000054e9900000) (1024K)]
  0x000001d54f1a3130 ConcurrentGCThread "G1 Service"                [id=26120, stack(0x00000054e9900000,0x00000054e9a00000) (1024K)]
Total: 21

Threads with active compile tasks:
C2 CompilerThread0  36906 9465   !   4       org.springframework.util.ReflectionUtils::doWithMethods (189 bytes)
C2 CompilerThread1  36906 9470       4       org.springframework.core.annotation.TypeMappedAnnotations$MergedAnnotationFinder::doWithAnnotations (75 bytes)
Total: 2

VM state: not at safepoint (normal execution)

VM Mutex/Monitor currently owned by a thread: None

Heap address: 0x0000000709400000, size: 3948 MB, Compressed Oops mode: Zero based, Oop shift amount: 3

CDS archive(s) mapped at: [0x000001d550000000-0x000001d550d70000-0x000001d550d70000), size 14090240, SharedBaseAddress: 0x000001d550000000, ArchiveRelocationMode: 1.
Compressed class space mapped at: 0x000001d551000000-0x000001d591000000, reserved size: 1073741824
Narrow klass base: 0x000001d550000000, Narrow klass shift: 0, Narrow klass range: 0x41000000

GC Precious Log:
 CardTable entry size: 512
 Card Set container configuration: InlinePtr #cards 4 size 8 Array Of Cards #cards 16 size 48 Howl #buckets 8 coarsen threshold 3686 Howl Bitmap #cards 512 size 80 coarsen threshold 460 Card regions per heap region 1 cards per card region 4096
 CPUs: 16 total, 16 available
 Memory: 15791M
 Large Page Support: Disabled
 NUMA Support: Disabled
 Compressed Oops: Enabled (Zero based)
 Heap Region Size: 2M
 Heap Min Capacity: 8M
 Heap Initial Capacity: 248M
 Heap Max Capacity: 3948M
 Pre-touch: Disabled
 Parallel Workers: 13
 Concurrent Workers: 3
 Concurrent Refinement Workers: 13
 Periodic GC: Disabled

Heap:
 garbage-first heap   total reserved 4042752K, committed 96256K, used 60296K [0x0000000709400000, 0x0000000800000000)
  region size 2048K, 5 young (10240K), 2 survivors (4096K)
 Metaspace       used 89048K, committed 89920K, reserved 1179648K
  class space    used 12455K, committed 12864K, reserved 1048576K

Heap Regions: E=young(eden), S=young(survivor), O=old, HS=humongous(starts), HC=humongous(continues), CS=collection set, F=free, TAMS=top-at-mark-start, PB=parsable bottom
|   0|0x0000000709400000, 0x0000000709600000, 0x0000000709600000|100%| O|  |TAMS 0x0000000709400000| PB 0x0000000709400000| Untracked |  0
|   1|0x0000000709600000, 0x0000000709800000, 0x0000000709800000|100%| O|  |TAMS 0x0000000709600000| PB 0x0000000709600000| Untracked |  0
|   2|0x0000000709800000, 0x0000000709a00000, 0x0000000709a00000|100%| O|  |TAMS 0x0000000709800000| PB 0x0000000709800000| Untracked |  0
|   3|0x0000000709a00000, 0x0000000709c00000, 0x0000000709c00000|100%| O|  |TAMS 0x0000000709a00000| PB 0x0000000709a00000| Untracked |  0
|   4|0x0000000709c00000, 0x0000000709e00000, 0x0000000709e00000|100%| O|  |TAMS 0x0000000709c00000| PB 0x0000000709c00000| Untracked |  0
|   5|0x0000000709e00000, 0x000000070a000000, 0x000000070a000000|100%| O|Cm|TAMS 0x0000000709e00000| PB 0x0000000709e00000| Complete |  0
|   6|0x000000070a000000, 0x000000070a200000, 0x000000070a200000|100%| O|  |TAMS 0x000000070a000000| PB 0x000000070a000000| Untracked |  0
|   7|0x000000070a200000, 0x000000070a324300, 0x000000070a400000| 57%| O|  |TAMS 0x000000070a200000| PB 0x000000070a200000| Untracked |  0
|   8|0x000000070a400000, 0x000000070a600000, 0x000000070a600000|100%| O|  |TAMS 0x000000070a400000| PB 0x000000070a400000| Untracked |  0
|   9|0x000000070a600000, 0x000000070a800000, 0x000000070a800000|100%| O|  |TAMS 0x000000070a600000| PB 0x000000070a600000| Untracked |  0
|  10|0x000000070a800000, 0x000000070aa00000, 0x000000070aa00000|100%| O|  |TAMS 0x000000070a800000| PB 0x000000070a800000| Untracked |  0
|  11|0x000000070aa00000, 0x000000070ac00000, 0x000000070ac00000|100%| O|  |TAMS 0x000000070aa00000| PB 0x000000070aa00000| Untracked |  0
|  12|0x000000070ac00000, 0x000000070ae00000, 0x000000070ae00000|100%| O|  |TAMS 0x000000070ac00000| PB 0x000000070ac00000| Untracked |  0
|  13|0x000000070ae00000, 0x000000070b000000, 0x000000070b000000|100%| O|  |TAMS 0x000000070ae00000| PB 0x000000070ae00000| Untracked |  0
|  14|0x000000070b000000, 0x000000070b200000, 0x000000070b200000|100%| O|  |TAMS 0x000000070b000000| PB 0x000000070b000000| Untracked |  0
|  15|0x000000070b200000, 0x000000070b400000, 0x000000070b400000|100%| O|  |TAMS 0x000000070b200000| PB 0x000000070b200000| Untracked |  0
|  16|0x000000070b400000, 0x000000070b600000, 0x000000070b600000|100%| O|  |TAMS 0x000000070b400000| PB 0x000000070b400000| Untracked |  0
|  17|0x000000070b600000, 0x000000070b800000, 0x000000070b800000|100%| O|  |TAMS 0x000000070b600000| PB 0x000000070b600000| Untracked |  0
|  18|0x000000070b800000, 0x000000070ba00000, 0x000000070ba00000|100%| O|  |TAMS 0x000000070b800000| PB 0x000000070b800000| Untracked |  0
|  19|0x000000070ba00000, 0x000000070bc00000, 0x000000070bc00000|100%| O|  |TAMS 0x000000070ba00000| PB 0x000000070ba00000| Untracked |  0
|  20|0x000000070bc00000, 0x000000070be00000, 0x000000070be00000|100%| O|  |TAMS 0x000000070bc00000| PB 0x000000070bc00000| Untracked |  0
|  21|0x000000070be00000, 0x000000070c000000, 0x000000070c000000|100%| O|  |TAMS 0x000000070be00000| PB 0x000000070be00000| Untracked |  0
|  22|0x000000070c000000, 0x000000070c200000, 0x000000070c200000|100%| O|  |TAMS 0x000000070c000000| PB 0x000000070c000000| Untracked |  0
|  23|0x000000070c200000, 0x000000070c400000, 0x000000070c400000|100%| O|  |TAMS 0x000000070c200000| PB 0x000000070c200000| Untracked |  0
|  24|0x000000070c400000, 0x000000070c600000, 0x000000070c600000|100%| O|  |TAMS 0x000000070c400000| PB 0x000000070c400000| Untracked |  0
|  25|0x000000070c600000, 0x000000070c800000, 0x000000070c800000|100%| O|  |TAMS 0x000000070c600000| PB 0x000000070c600000| Untracked |  0
|  26|0x000000070c800000, 0x000000070c800000, 0x000000070ca00000|  0%| F|  |TAMS 0x000000070c800000| PB 0x000000070c800000| Untracked |  0
|  27|0x000000070ca00000, 0x000000070ca00000, 0x000000070cc00000|  0%| F|  |TAMS 0x000000070ca00000| PB 0x000000070ca00000| Untracked |  0
|  28|0x000000070cc00000, 0x000000070cc00000, 0x000000070ce00000|  0%| F|  |TAMS 0x000000070cc00000| PB 0x000000070cc00000| Untracked |  0
|  29|0x000000070ce00000, 0x000000070ce00000, 0x000000070d000000|  0%| F|  |TAMS 0x000000070ce00000| PB 0x000000070ce00000| Untracked |  0
|  30|0x000000070d000000, 0x000000070d000000, 0x000000070d200000|  0%| F|  |TAMS 0x000000070d000000| PB 0x000000070d000000| Untracked |  0
|  31|0x000000070d200000, 0x000000070d3bde60, 0x000000070d400000| 87%| S|CS|TAMS 0x000000070d200000| PB 0x000000070d200000| Complete |  0
|  32|0x000000070d400000, 0x000000070d400000, 0x000000070d600000|  0%| F|  |TAMS 0x000000070d400000| PB 0x000000070d400000| Untracked |  0
|  33|0x000000070d600000, 0x000000070d800000, 0x000000070d800000|100%| S|CS|TAMS 0x000000070d600000| PB 0x000000070d600000| Complete |  0
|  34|0x000000070d800000, 0x000000070d800000, 0x000000070da00000|  0%| F|  |TAMS 0x000000070d800000| PB 0x000000070d800000| Untracked |  0
|  35|0x000000070da00000, 0x000000070da00000, 0x000000070dc00000|  0%| F|  |TAMS 0x000000070da00000| PB 0x000000070da00000| Untracked |  0
|  36|0x000000070dc00000, 0x000000070dc00000, 0x000000070de00000|  0%| F|  |TAMS 0x000000070dc00000| PB 0x000000070dc00000| Untracked |  0
|  37|0x000000070de00000, 0x000000070de00000, 0x000000070e000000|  0%| F|  |TAMS 0x000000070de00000| PB 0x000000070de00000| Untracked |  0
|  38|0x000000070e000000, 0x000000070e000000, 0x000000070e200000|  0%| F|  |TAMS 0x000000070e000000| PB 0x000000070e000000| Untracked |  0
|  39|0x000000070e200000, 0x000000070e200000, 0x000000070e400000|  0%| F|  |TAMS 0x000000070e200000| PB 0x000000070e200000| Untracked |  0
|  40|0x000000070e400000, 0x000000070e400000, 0x000000070e600000|  0%| F|  |TAMS 0x000000070e400000| PB 0x000000070e400000| Untracked |  0
|  41|0x000000070e600000, 0x000000070e600000, 0x000000070e800000|  0%| F|  |TAMS 0x000000070e600000| PB 0x000000070e600000| Untracked |  0
|  42|0x000000070e800000, 0x000000070e800000, 0x000000070ea00000|  0%| F|  |TAMS 0x000000070e800000| PB 0x000000070e800000| Untracked |  0
| 100|0x0000000715c00000, 0x0000000715c00000, 0x0000000715e00000|  0%| F|  |TAMS 0x0000000715c00000| PB 0x0000000715c00000| Untracked |  0
| 101|0x0000000715e00000, 0x0000000716000000, 0x0000000716000000|100%| E|  |TAMS 0x0000000715e00000| PB 0x0000000715e00000| Complete |  0
| 102|0x0000000716000000, 0x0000000716200000, 0x0000000716200000|100%| E|CS|TAMS 0x0000000716000000| PB 0x0000000716000000| Complete |  0
| 123|0x0000000718a00000, 0x0000000718c00000, 0x0000000718c00000|100%| E|CS|TAMS 0x0000000718a00000| PB 0x0000000718a00000| Complete |  0

Card table byte_map: [0x000001d548110000,0x000001d5488d0000] _byte_map_base: 0x000001d5448c6000

Marking Bits: (CMBitMap*) 0x000001d52f909410
 Bits: [0x000001d5488d0000, 0x000001d54c680000)

Polling page: 0x000001d52d4d0000

Metaspace:

Usage:
  Non-class:     74.80 MB used.
      Class:     12.16 MB used.
       Both:     86.96 MB used.

Virtual space:
  Non-class space:      128.00 MB reserved,      75.25 MB ( 59%) committed,  2 nodes.
      Class space:        1.00 GB reserved,      12.56 MB (  1%) committed,  1 nodes.
             Both:        1.12 GB reserved,      87.81 MB (  8%) committed. 

Chunk freelists:
   Non-Class:  4.08 MB
       Class:  3.30 MB
        Both:  7.38 MB

MaxMetaspaceSize: unlimited
CompressedClassSpaceSize: 1.00 GB
Initial GC threshold: 21.00 MB
Current GC threshold: 146.19 MB
CDS: on
 - commit_granule_bytes: 65536.
 - commit_granule_words: 8192.
 - virtual_space_node_default_size: 8388608.
 - enlarge_chunks_in_place: 1.
 - use_allocation_guard: 0.


Internal statistics:

num_allocs_failed_limit: 9.
num_arena_births: 1248.
num_arena_deaths: 0.
num_vsnodes_births: 3.
num_vsnodes_deaths: 0.
num_space_committed: 1405.
num_space_uncommitted: 0.
num_chunks_returned_to_freelist: 9.
num_chunks_taken_from_freelist: 4452.
num_chunk_merges: 9.
num_chunk_splits: 3167.
num_chunks_enlarged: 2417.
num_inconsistent_stats: 0.

CodeHeap 'non-profiled nmethods': size=119232Kb used=3708Kb max_used=4235Kb free=115523Kb
 bounds [0x000001d53fb50000, 0x000001d53ff80000, 0x000001d546fc0000]
CodeHeap 'profiled nmethods': size=119104Kb used=12229Kb max_used=12977Kb free=106874Kb
 bounds [0x000001d537fc0000, 0x000001d538c70000, 0x000001d53f410000]
CodeHeap 'non-nmethods': size=7424Kb used=2341Kb max_used=3360Kb free=5082Kb
 bounds [0x000001d53f410000, 0x000001d53f770000, 0x000001d53fb50000]
CodeCache: size=245760Kb, used=18278Kb, max_used=20572Kb, free=227479Kb
 total_blobs=8662, nmethods=7856, adapters=709, full_count=0
Compilation: enabled, stopped_count=0, restarted_count=0

Compilation events (20 events):
Event: 36.702 Thread 0x000001d54f88b6c0 nmethod 9504 0x000001d538a66908 code [0x000001d538a66a40, 0x000001d538a66cd0]
Event: 36.702 Thread 0x000001d54f30b820 nmethod 9505 0x000001d538a66508 code [0x000001d538a66640, 0x000001d538a668d0]
Event: 36.708 Thread 0x000001d54f30b820 9510       2       ch.qos.logback.classic.Logger::appendLoopOnAppenders (18 bytes)
Event: 36.708 Thread 0x000001d54f30b820 nmethod 9510 0x000001d538a66208 code [0x000001d538a66340, 0x000001d538a664a8]
Event: 36.720 Thread 0x000001d54f30b820 9511       2       java.lang.Class::getSimpleName (26 bytes)
Event: 36.720 Thread 0x000001d54f30b820 nmethod 9511 0x000001d538a65e88 code [0x000001d538a65fc0, 0x000001d538a66188]
Event: 36.733 Thread 0x000001d54f88b6c0 9513       2       java.lang.reflect.Method::equals (65 bytes)
Event: 36.733 Thread 0x000001d54f88b6c0 nmethod 9513 0x000001d538a65a88 code [0x000001d538a65bc0, 0x000001d538a65e48]
Event: 36.749 Thread 0x000001d54f88b6c0 9516       3       org.springframework.core.OrderComparator::getOrder (111 bytes)
Event: 36.749 Thread 0x000001d54f30b820 9517       2       org.springframework.core.annotation.AnnotationAwareOrderComparator::findOrder (18 bytes)
Event: 36.750 Thread 0x000001d54f30b820 nmethod 9517 0x000001d538a65608 code [0x000001d538a65760, 0x000001d538a659f0]
Event: 36.750 Thread 0x000001d54f88b6c0 nmethod 9516 0x000001d538a64c88 code [0x000001d538a64e40, 0x000001d538a655b8]
Event: 36.755 Thread 0x000001d5984900c0 

Event: 36.755 Thread 0x000001d5984900c0 9470       4       org.springframework.core.annotation.TypeMappedAnnotations$MergedAnnotationFinder::doWithAnnotations (75 bytes)
Event: 36.758 Thread 0x000001d54f88b6c0 9518       2       org.springframework.core.MethodParameter::getParameterName (114 bytes)
Event: 36.758 Thread 0x000001d54f88b6c0 nmethod 9518 0x000001d538a64708 code [0x000001d538a64860, 0x000001d538a64c58]
Event: 36.800 Thread 0x000001d54f88b6c0 9522   !   2       org.springframework.core.$Proxy6::getTypeProvider (28 bytes)
Event: 36.800 Thread 0x000001d54f88b6c0 nmethod 9522 0x000001d537fc0388 code [0x000001d537fc04c0, 0x000001d537fc0770]
Event: 36.826 Thread 0x000001d54f30b820 9528       3       org.springframework.util.ReflectionUtils::getAllDeclaredMethods (38 bytes)
Event: 36.827 Thread 0x000001d54f30b820 nmethod 9528 0x000001d53812dc08 code [0x000001d53812ddc0, 0x000001d53812e590]

GC Heap History (20 events):
Event: 12.521 GC heap before
{Heap before GC invocations=10 (full 0):
 garbage-first heap   total reserved 4042752K, committed 96256K, used 75900K [0x0000000709400000, 0x0000000800000000)
  region size 2048K, 22 young (45056K), 2 survivors (4096K)
 Metaspace       used 42030K, committed 42560K, reserved 1114112K
  class space    used 5559K, committed 5824K, reserved 1048576K
}
Event: 12.526 GC heap after
{Heap after GC invocations=11 (full 0):
 garbage-first heap   total reserved 4042752K, committed 96256K, used 37763K [0x0000000709400000, 0x0000000800000000)
  region size 2048K, 3 young (6144K), 3 survivors (6144K)
 Metaspace       used 42030K, committed 42560K, reserved 1114112K
  class space    used 5559K, committed 5824K, reserved 1048576K
}
Event: 13.098 GC heap before
{Heap before GC invocations=11 (full 0):
 garbage-first heap   total reserved 4042752K, committed 96256K, used 76675K [0x0000000709400000, 0x0000000800000000)
  region size 2048K, 23 young (47104K), 3 survivors (6144K)
 Metaspace       used 44268K, committed 44864K, reserved 1114112K
  class space    used 5810K, committed 6080K, reserved 1048576K
}
Event: 13.107 GC heap after
{Heap after GC invocations=12 (full 0):
 garbage-first heap   total reserved 4042752K, committed 96256K, used 39464K [0x0000000709400000, 0x0000000800000000)
  region size 2048K, 3 young (6144K), 3 survivors (6144K)
 Metaspace       used 44268K, committed 44864K, reserved 1114112K
  class space    used 5810K, committed 6080K, reserved 1048576K
}
Event: 16.465 GC heap before
{Heap before GC invocations=12 (full 0):
 garbage-first heap   total reserved 4042752K, committed 96256K, used 78376K [0x0000000709400000, 0x0000000800000000)
  region size 2048K, 22 young (45056K), 3 survivors (6144K)
 Metaspace       used 52212K, committed 52800K, reserved 1114112K
  class space    used 6878K, committed 7168K, reserved 1048576K
}
Event: 16.470 GC heap after
{Heap after GC invocations=13 (full 0):
 garbage-first heap   total reserved 4042752K, committed 96256K, used 42872K [0x0000000709400000, 0x0000000800000000)
  region size 2048K, 2 young (4096K), 2 survivors (4096K)
 Metaspace       used 52212K, committed 52800K, reserved 1114112K
  class space    used 6878K, committed 7168K, reserved 1048576K
}
Event: 26.205 GC heap before
{Heap before GC invocations=13 (full 0):
 garbage-first heap   total reserved 4042752K, committed 96256K, used 75640K [0x0000000709400000, 0x0000000800000000)
  region size 2048K, 19 young (38912K), 2 survivors (4096K)
 Metaspace       used 59801K, committed 60416K, reserved 1114112K
  class space    used 7941K, committed 8192K, reserved 1048576K
}
Event: 26.211 GC heap after
{Heap after GC invocations=14 (full 0):
 garbage-first heap   total reserved 4042752K, committed 96256K, used 44766K [0x0000000709400000, 0x0000000800000000)
  region size 2048K, 3 young (6144K), 3 survivors (6144K)
 Metaspace       used 59801K, committed 60416K, reserved 1114112K
  class space    used 7941K, committed 8192K, reserved 1048576K
}
Event: 28.252 GC heap before
{Heap before GC invocations=15 (full 0):
 garbage-first heap   total reserved 4042752K, committed 96256K, used 81630K [0x0000000709400000, 0x0000000800000000)
  region size 2048K, 21 young (43008K), 3 survivors (6144K)
 Metaspace       used 68948K, committed 69632K, reserved 1114112K
  class space    used 9268K, committed 9600K, reserved 1048576K
}
Event: 28.258 GC heap after
{Heap after GC invocations=16 (full 0):
 garbage-first heap   total reserved 4042752K, committed 96256K, used 46566K [0x0000000709400000, 0x0000000800000000)
  region size 2048K, 3 young (6144K), 3 survivors (6144K)
 Metaspace       used 68948K, committed 69632K, reserved 1114112K
  class space    used 9268K, committed 9600K, reserved 1048576K
}
Event: 33.733 GC heap before
{Heap before GC invocations=16 (full 0):
 garbage-first heap   total reserved 4042752K, committed 96256K, used 81382K [0x0000000709400000, 0x0000000800000000)
  region size 2048K, 20 young (40960K), 3 survivors (6144K)
 Metaspace       used 77519K, committed 78336K, reserved 1179648K
  class space    used 10730K, committed 11136K, reserved 1048576K
}
Event: 33.738 GC heap after
{Heap after GC invocations=17 (full 0):
 garbage-first heap   total reserved 4042752K, committed 96256K, used 47811K [0x0000000709400000, 0x0000000800000000)
  region size 2048K, 2 young (4096K), 2 survivors (4096K)
 Metaspace       used 77519K, committed 78336K, reserved 1179648K
  class space    used 10730K, committed 11136K, reserved 1048576K
}
Event: 34.611 GC heap before
{Heap before GC invocations=17 (full 0):
 garbage-first heap   total reserved 4042752K, committed 96256K, used 84675K [0x0000000709400000, 0x0000000800000000)
  region size 2048K, 20 young (40960K), 2 survivors (4096K)
 Metaspace       used 81766K, committed 82560K, reserved 1179648K
  class space    used 11284K, committed 11648K, reserved 1048576K
}
Event: 34.617 GC heap after
{Heap after GC invocations=18 (full 0):
 garbage-first heap   total reserved 4042752K, committed 96256K, used 51096K [0x0000000709400000, 0x0000000800000000)
  region size 2048K, 3 young (6144K), 3 survivors (6144K)
 Metaspace       used 81766K, committed 82560K, reserved 1179648K
  class space    used 11284K, committed 11648K, reserved 1048576K
}
Event: 35.401 GC heap before
{Heap before GC invocations=19 (full 0):
 garbage-first heap   total reserved 4042752K, committed 96256K, used 81816K [0x0000000709400000, 0x0000000800000000)
  region size 2048K, 18 young (36864K), 3 survivors (6144K)
 Metaspace       used 83995K, committed 84800K, reserved 1179648K
  class space    used 11699K, committed 12032K, reserved 1048576K
}
Event: 35.406 GC heap after
{Heap after GC invocations=20 (full 0):
 garbage-first heap   total reserved 4042752K, committed 96256K, used 53740K [0x0000000709400000, 0x0000000800000000)
  region size 2048K, 3 young (6144K), 3 survivors (6144K)
 Metaspace       used 83995K, committed 84800K, reserved 1179648K
  class space    used 11699K, committed 12032K, reserved 1048576K
}
Event: 36.020 GC heap before
{Heap before GC invocations=20 (full 0):
 garbage-first heap   total reserved 4042752K, committed 96256K, used 82412K [0x0000000709400000, 0x0000000800000000)
  region size 2048K, 17 young (34816K), 3 survivors (6144K)
 Metaspace       used 85186K, committed 86016K, reserved 1179648K
  class space    used 11867K, committed 12224K, reserved 1048576K
}
Event: 36.026 GC heap after
{Heap after GC invocations=21 (full 0):
 garbage-first heap   total reserved 4042752K, committed 96256K, used 54544K [0x0000000709400000, 0x0000000800000000)
  region size 2048K, 3 young (6144K), 3 survivors (6144K)
 Metaspace       used 85186K, committed 86016K, reserved 1179648K
  class space    used 11867K, committed 12224K, reserved 1048576K
}
Event: 36.739 GC heap before
{Heap before GC invocations=21 (full 0):
 garbage-first heap   total reserved 4042752K, committed 96256K, used 81168K [0x0000000709400000, 0x0000000800000000)
  region size 2048K, 16 young (32768K), 3 survivors (6144K)
 Metaspace       used 88898K, committed 89792K, reserved 1179648K
  class space    used 12403K, committed 12800K, reserved 1048576K
}
Event: 36.745 GC heap after
{Heap after GC invocations=22 (full 0):
 garbage-first heap   total reserved 4042752K, committed 96256K, used 56200K [0x0000000709400000, 0x0000000800000000)
  region size 2048K, 2 young (4096K), 2 survivors (4096K)
 Metaspace       used 88898K, committed 89792K, reserved 1179648K
  class space    used 12403K, committed 12800K, reserved 1048576K
}

Dll operation events (14 events):
Event: 0.018 Loaded shared library C:\Users\phucs\.jdks\openjdk-23.0.2\bin\java.dll
Event: 0.070 Loaded shared library C:\Users\phucs\.jdks\openjdk-23.0.2\bin\jsvml.dll
Event: 0.244 Loaded shared library C:\Users\phucs\.jdks\openjdk-23.0.2\bin\zip.dll
Event: 0.251 Loaded shared library C:\Users\phucs\.jdks\openjdk-23.0.2\bin\instrument.dll
Event: 0.259 Loaded shared library C:\Users\phucs\.jdks\openjdk-23.0.2\bin\net.dll
Event: 0.261 Loaded shared library C:\Users\phucs\.jdks\openjdk-23.0.2\bin\nio.dll
Event: 0.266 Loaded shared library C:\Users\phucs\.jdks\openjdk-23.0.2\bin\zip.dll
Event: 0.699 Loaded shared library C:\Users\phucs\AppData\Local\Programs\IntelliJ IDEA Community Edition\bin\breakgen64.dll
Event: 0.713 Loaded shared library C:\Users\phucs\.jdks\openjdk-23.0.2\bin\extnet.dll
Event: 1.059 Loaded shared library C:\Users\phucs\.jdks\openjdk-23.0.2\bin\jimage.dll
Event: 2.098 Loaded shared library C:\Users\phucs\.jdks\openjdk-23.0.2\bin\management.dll
Event: 2.103 Loaded shared library C:\Users\phucs\.jdks\openjdk-23.0.2\bin\management_ext.dll
Event: 4.496 Loaded shared library C:\Users\phucs\.jdks\openjdk-23.0.2\bin\sunmscapi.dll
Event: 26.126 Loaded shared library C:\Users\phucs\.jdks\openjdk-23.0.2\bin\verify.dll

Deoptimization events (20 events):
Event: 36.610 Thread 0x000001d595cfe870 Uncommon trap: trap_request=0xffffff45 fr.pc=0x000001d53fe1e710 relative=0x0000000000000a90
Event: 36.610 Thread 0x000001d595cfe870 Uncommon trap: reason=unstable_if action=reinterpret pc=0x000001d53fe1e710 method=org.springframework.core.annotation.AnnotationsScanner.isKnownEmpty(Ljava/lang/reflect/AnnotatedElement;Lorg/springframework/core/annotation/MergedAnnotations$SearchStrategy
Event: 36.610 Thread 0x000001d595cfe870 DEOPT PACKING pc=0x000001d53fe1e710 sp=0x00000054eb5fa220
Event: 36.610 Thread 0x000001d595cfe870 DEOPT UNPACKING pc=0x000001d53f464402 sp=0x00000054eb5fa148 mode 2
Event: 36.610 Thread 0x000001d595cfe870 Uncommon trap: trap_request=0xffffff45 fr.pc=0x000001d53fe1f6f4 relative=0x00000000000008f4
Event: 36.610 Thread 0x000001d595cfe870 Uncommon trap: reason=unstable_if action=reinterpret pc=0x000001d53fe1f6f4 method=org.springframework.core.annotation.AnnotationsScanner.isKnownEmpty(Ljava/lang/reflect/AnnotatedElement;Lorg/springframework/core/annotation/MergedAnnotations$SearchStrategy
Event: 36.610 Thread 0x000001d595cfe870 DEOPT PACKING pc=0x000001d53fe1f6f4 sp=0x00000054eb5fa1a0
Event: 36.610 Thread 0x000001d595cfe870 DEOPT UNPACKING pc=0x000001d53f464402 sp=0x00000054eb5fa148 mode 2
Event: 36.610 Thread 0x000001d595cfe870 Uncommon trap: trap_request=0xffffff45 fr.pc=0x000001d53fe205b4 relative=0x00000000000007b4
Event: 36.610 Thread 0x000001d595cfe870 Uncommon trap: reason=unstable_if action=reinterpret pc=0x000001d53fe205b4 method=org.springframework.core.annotation.AnnotationsScanner.isKnownEmpty(Ljava/lang/reflect/AnnotatedElement;Lorg/springframework/core/annotation/MergedAnnotations$SearchStrategy
Event: 36.610 Thread 0x000001d595cfe870 DEOPT PACKING pc=0x000001d53fe205b4 sp=0x00000054eb5fa160
Event: 36.610 Thread 0x000001d595cfe870 DEOPT UNPACKING pc=0x000001d53f464402 sp=0x00000054eb5fa148 mode 2
Event: 36.731 Thread 0x000001d595cfe870 Uncommon trap: trap_request=0xffffffde fr.pc=0x000001d53fed6284 relative=0x0000000000000164
Event: 36.731 Thread 0x000001d595cfe870 Uncommon trap: reason=class_check action=maybe_recompile pc=0x000001d53fed6284 method=java.lang.reflect.Method.equals(Ljava/lang/Object;)Z @ 1 c2
Event: 36.731 Thread 0x000001d595cfe870 DEOPT PACKING pc=0x000001d53fed6284 sp=0x00000054eb5fb120
Event: 36.731 Thread 0x000001d595cfe870 DEOPT UNPACKING pc=0x000001d53f464402 sp=0x00000054eb5fb0a8 mode 2
Event: 36.731 Thread 0x000001d595cfe870 Uncommon trap: trap_request=0xffffffde fr.pc=0x000001d53fed6284 relative=0x0000000000000164
Event: 36.731 Thread 0x000001d595cfe870 Uncommon trap: reason=class_check action=maybe_recompile pc=0x000001d53fed6284 method=java.lang.reflect.Method.equals(Ljava/lang/Object;)Z @ 1 c2
Event: 36.731 Thread 0x000001d595cfe870 DEOPT PACKING pc=0x000001d53fed6284 sp=0x00000054eb5fb120
Event: 36.731 Thread 0x000001d595cfe870 DEOPT UNPACKING pc=0x000001d53f464402 sp=0x00000054eb5fb0a8 mode 2

Classes loaded (20 events):
Event: 36.276 Loading class java/nio/DoubleBuffer
Event: 36.277 Loading class java/nio/DoubleBuffer done
Event: 36.312 Loading class java/util/concurrent/Executors$DelegatedScheduledExecutorService
Event: 36.313 Loading class java/util/concurrent/Executors$DelegatedExecutorService
Event: 36.313 Loading class java/util/concurrent/Executors$DelegatedExecutorService done
Event: 36.313 Loading class java/util/concurrent/Executors$DelegatedScheduledExecutorService done
Event: 36.317 Loading class jdk/jfr/Event
Event: 36.318 Loading class jdk/jfr/Event done
Event: 36.337 Loading class java/util/concurrent/locks/AbstractQueuedSynchronizer$SharedNode
Event: 36.338 Loading class java/util/concurrent/locks/AbstractQueuedSynchronizer$SharedNode done
Event: 36.355 Loading class java/util/JumboEnumSet
Event: 36.356 Loading class java/util/JumboEnumSet done
Event: 36.453 Loading class java/util/function/IntSupplier
Event: 36.453 Loading class java/util/function/IntSupplier done
Event: 36.455 Loading class java/util/function/LongFunction
Event: 36.455 Loading class java/util/function/LongFunction done
Event: 36.596 Loading class java/util/EnumMap$EntryIterator$Entry
Event: 36.596 Loading class java/util/EnumMap$EntryIterator$Entry done
Event: 36.603 Loading class sun/reflect/annotation/AnnotationSupport
Event: 36.603 Loading class sun/reflect/annotation/AnnotationSupport done

Classes unloaded (0 events):
No events

Classes redefined (0 events):
No events

Internal exceptions (20 events):
Event: 33.709 Thread 0x000001d597a82950 Exception <a 'java/io/FileNotFoundException'{0x000000070d1bcef0}> (0x000000070d1bcef0) 
thrown [s\open\src\hotspot\share\prims\jni.cpp, line 520]
Event: 33.756 Thread 0x000001d595cfe870 Exception <a 'java/lang/NoSuchMethodError'{0x0000000718afb808}: 'void java.lang.invoke.Invokers$Holder.invokeExact_MT(java.lang.Object, java.lang.Object, java.lang.Object, java.lang.Object)'> (0x0000000718afb808) 
thrown [s\open\src\hotspot\share\interpreter\linkResolver.cpp, line 796]
Event: 33.912 Thread 0x000001d595cfe870 Implicit null exception at 0x000001d53fdfc0f8 to 0x000001d53fdff258
Event: 33.918 Thread 0x000001d595cfe870 Exception <a 'java/lang/IncompatibleClassChangeError'{0x000000070e641698}: Found class java.lang.Object, but interface was expected> (0x000000070e641698) 
thrown [s\open\src\hotspot\share\interpreter\linkResolver.cpp, line 863]
Event: 33.982 Thread 0x000001d595cfe870 Exception <a 'java/lang/IncompatibleClassChangeError'{0x000000070e4a4fc8}: Found class java.lang.Object, but interface was expected> (0x000000070e4a4fc8) 
thrown [s\open\src\hotspot\share\interpreter\linkResolver.cpp, line 863]
Event: 34.196 Thread 0x000001d595cfe870 Exception <a 'java/lang/IncompatibleClassChangeError'{0x000000070df69928}: Found class java.lang.Object, but interface was expected> (0x000000070df69928) 
thrown [s\open\src\hotspot\share\interpreter\linkResolver.cpp, line 863]
Event: 34.309 Thread 0x000001d595cfe870 Exception <a 'java/lang/IncompatibleClassChangeError'{0x000000070da35a98}: Found class java.lang.Object, but interface was expected> (0x000000070da35a98) 
thrown [s\open\src\hotspot\share\interpreter\linkResolver.cpp, line 863]
Event: 34.310 Thread 0x000001d595cfe870 Exception <a 'java/lang/IncompatibleClassChangeError'{0x000000070da3b0f0}: Found class java.lang.Object, but interface was expected> (0x000000070da3b0f0) 
thrown [s\open\src\hotspot\share\interpreter\linkResolver.cpp, line 863]
Event: 34.374 Thread 0x000001d595cfe870 Exception <a 'java/lang/NoSuchMethodError'{0x000000070dbcaab0}: 'java.lang.Object java.lang.invoke.DirectMethodHandle$Holder.invokeStatic(java.lang.Object, int, java.lang.Object)'> (0x000000070dbcaab0) 
thrown [s\open\src\hotspot\share\interpreter\linkResolver.cpp, line 796]
Event: 34.683 Thread 0x000001d595cfe870 Exception <a 'java/io/FileNotFoundException'{0x0000000718be0030}> (0x0000000718be0030) 
thrown [s\open\src\hotspot\share\prims\jni.cpp, line 520]
Event: 34.684 Thread 0x000001d595cfe870 Exception <a 'java/io/FileNotFoundException'{0x0000000718bea038}> (0x0000000718bea038) 
thrown [s\open\src\hotspot\share\prims\jni.cpp, line 520]
Event: 34.734 Thread 0x000001d595cfe870 Exception <a 'java/lang/NoSuchMethodError'{0x00000007161855d8}: 'long java.lang.invoke.DelegatingMethodHandle$Holder.reinvoke_L(java.lang.Object, java.lang.Object)'> (0x00000007161855d8) 
thrown [s\open\src\hotspot\share\interpreter\linkResolver.cpp, line 796]
Event: 34.735 Thread 0x000001d595cfe870 Exception <a 'java/lang/NoSuchMethodError'{0x000000071618f2f0}: 'void java.lang.invoke.DelegatingMethodHandle$Holder.reinvoke_L(java.lang.Object, java.lang.Object, long)'> (0x000000071618f2f0) 
thrown [s\open\src\hotspot\share\interpreter\linkResolver.cpp, line 796]
Event: 35.054 Thread 0x000001d595cfe870 Exception <a 'java/lang/NoSuchMethodError'{0x000000070e34d238}: 'java.lang.Object java.lang.invoke.DirectMethodHandle$Holder.newInvokeSpecial(java.lang.Object, java.lang.Object, java.lang.Object, java.lang.Object, java.lang.Object, java.lang.Object, java.lang.Object, java.lang.Object)'> (0x000000070e34d238) 
thrown [s\open\src\hotspot\share\interpreter\linkResolver.cpp, line 796]
Event: 35.700 Thread 0x000001d595cfe870 Exception <a 'java/lang/IncompatibleClassChangeError'{0x000000070e2abc38}: Found class java.lang.Object, but interface was expected> (0x000000070e2abc38) 
thrown [s\open\src\hotspot\share\interpreter\linkResolver.cpp, line 863]
Event: 35.753 Thread 0x000001d595cfe870 Exception <a 'java/lang/NoSuchMethodError'{0x000000070e083390}: 'java.lang.Object java.lang.invoke.DirectMethodHandle$Holder.invokeVirtual(java.lang.Object, java.lang.Object, java.lang.Object, java.lang.Object, java.lang.Object, java.lang.Object, java.lang.Object, java.lang.Object, java.lang.Object)'> (0x000000070e083390) 
thrown [s\open\src\hotspot\share\interpreter\linkResolver.cpp, line 796]
Event: 35.793 Thread 0x000001d595cfe870 Exception <a 'java/lang/NoSuchMethodError'{0x000000070e1d7150}: 'java.lang.Object java.lang.invoke.DirectMethodHandle$Holder.newInvokeSpecial(java.lang.Object, java.lang.Object, java.lang.Object, java.lang.Object, java.lang.Object, java.lang.Object, java.lang.Object, java.lang.Object, java.lang.Object)'> (0x000000070e1d7150) 
thrown [s\open\src\hotspot\share\interpreter\linkResolver.cpp, line 796]
Event: 35.859 Thread 0x000001d595cfe870 Exception <a 'java/lang/NoSuchMethodError'{0x000000070dc5cc80}: 'java.lang.Object java.lang.invoke.DirectMethodHandle$Holder.invokeInterface(java.lang.Object, java.lang.Object, java.lang.Object, java.lang.Object)'> (0x000000070dc5cc80) 
thrown [s\open\src\hotspot\share\interpreter\linkResolver.cpp, line 796]
Event: 35.959 Thread 0x000001d595cfe870 Exception <a 'java/lang/NoSuchMethodError'{0x000000070dbe0188}: 'void java.lang.invoke.Invokers$Holder.invokeExact_MT(java.lang.Object, java.lang.Object, int, java.lang.Object)'> (0x000000070dbe0188) 
thrown [s\open\src\hotspot\share\interpreter\linkResolver.cpp, line 796]
Event: 36.456 Thread 0x000001d595cfe870 Exception <a 'java/lang/NoSuchMethodError'{0x000000070e563e78}: 'java.lang.Object java.lang.invoke.DirectMethodHandle$Holder.invokeStaticInit(java.lang.Object, long)'> (0x000000070e563e78) 
thrown [s\open\src\hotspot\share\interpreter\linkResolver.cpp, line 796]

VM Operations (20 events):
Event: 35.450 Executing VM operation: HandshakeAllThreads (Deoptimize)
Event: 35.450 Executing VM operation: HandshakeAllThreads (Deoptimize) done
Event: 35.717 Executing VM operation: HandshakeAllThreads (Deoptimize)
Event: 35.717 Executing VM operation: HandshakeAllThreads (Deoptimize) done
Event: 36.020 Executing VM operation: G1CollectForAllocation (G1 Evacuation Pause)
Event: 36.026 Executing VM operation: G1CollectForAllocation (G1 Evacuation Pause) done
Event: 36.334 Executing VM operation: HandshakeAllThreads (Deoptimize)
Event: 36.334 Executing VM operation: HandshakeAllThreads (Deoptimize) done
Event: 36.357 Executing VM operation: HandshakeAllThreads (Deoptimize)
Event: 36.358 Executing VM operation: HandshakeAllThreads (Deoptimize) done
Event: 36.359 Executing VM operation: HandshakeAllThreads (Deoptimize)
Event: 36.360 Executing VM operation: HandshakeAllThreads (Deoptimize) done
Event: 36.644 Executing VM operation: HandshakeAllThreads (Deoptimize)
Event: 36.644 Executing VM operation: HandshakeAllThreads (Deoptimize) done
Event: 36.739 Executing VM operation: G1CollectForAllocation (G1 Evacuation Pause)
Event: 36.745 Executing VM operation: G1CollectForAllocation (G1 Evacuation Pause) done
Event: 36.780 Executing VM operation: G1PauseRemark
Event: 36.786 Executing VM operation: G1PauseRemark done
Event: 36.796 Executing VM operation: G1PauseCleanup
Event: 36.796 Executing VM operation: G1PauseCleanup done

Memory protections (0 events):
No events

Nmethod flushes (20 events):
Event: 36.784 Thread 0x000001d54f2e27b0 flushing  nmethod 0x000001d5382aae88
Event: 36.784 Thread 0x000001d54f2e27b0 flushing  nmethod 0x000001d5382ab708
Event: 36.784 Thread 0x000001d54f2e27b0 flushing  nmethod 0x000001d5382ac208
Event: 36.784 Thread 0x000001d54f2e27b0 flushing  nmethod 0x000001d538306a08
Event: 36.784 Thread 0x000001d54f2e27b0 flushing  nmethod 0x000001d53838f208
Event: 36.784 Thread 0x000001d54f2e27b0 flushing  nmethod 0x000001d5384d5608
Event: 36.784 Thread 0x000001d54f2e27b0 flushing  nmethod 0x000001d5384d5c88
Event: 36.784 Thread 0x000001d54f2e27b0 flushing  nmethod 0x000001d5384d6f88
Event: 36.784 Thread 0x000001d54f2e27b0 flushing  nmethod 0x000001d538536488
Event: 36.784 Thread 0x000001d54f2e27b0 flushing  nmethod 0x000001d5386f9588
Event: 36.784 Thread 0x000001d54f2e27b0 flushing  nmethod 0x000001d5386fb188
Event: 36.784 Thread 0x000001d54f2e27b0 flushing  nmethod 0x000001d53881a088
Event: 36.784 Thread 0x000001d54f2e27b0 flushing  nmethod 0x000001d53881ab08
Event: 36.784 Thread 0x000001d54f2e27b0 flushing  nmethod 0x000001d538ab1988
Event: 36.784 Thread 0x000001d54f2e27b0 flushing  nmethod 0x000001d53885c708
Event: 36.784 Thread 0x000001d54f2e27b0 flushing  nmethod 0x000001d5389d4208
Event: 36.784 Thread 0x000001d54f2e27b0 flushing  nmethod 0x000001d5389d4e88
Event: 36.784 Thread 0x000001d54f2e27b0 flushing  nmethod 0x000001d538a3e088
Event: 36.784 Thread 0x000001d54f2e27b0 flushing  nmethod 0x000001d538a3e408
Event: 36.784 Thread 0x000001d54f2e27b0 flushing  nmethod 0x000001d538aaff08

Events (20 events):
Event: 17.461 Thread 0x000001d595cfe870 Thread added: 0x000001d597a81c30
Event: 17.565 Thread 0x000001d597a81c30 Thread added: 0x000001d597a82950
Event: 17.739 Thread 0x000001d54f30b820 Thread added: 0x000001d54f8eca30
Event: 18.012 Thread 0x000001d54f8eca30 Thread exited: 0x000001d54f8eca30
Event: 19.394 Thread 0x000001d54f88b6c0 Thread added: 0x000001d54f8eca30
Event: 19.895 Thread 0x000001d54f8eca30 Thread exited: 0x000001d54f8eca30
Event: 20.358 Thread 0x000001d54f670570 Thread added: 0x000001d54f8ed7d0
Event: 20.598 Thread 0x000001d54f8ed7d0 Thread exited: 0x000001d54f8ed7d0
Event: 24.682 Thread 0x000001d54f88b6c0 Thread added: 0x000001d54f8ed7d0
Event: 25.136 Thread 0x000001d54f8ed7d0 Thread exited: 0x000001d54f8ed7d0
Event: 25.375 Thread 0x000001d54f30b820 Thread added: 0x000001d54f8eca30
Event: 26.698 Thread 0x000001d54f8eca30 Thread exited: 0x000001d54f8eca30
Event: 27.995 Thread 0x000001d54f88b6c0 Thread added: 0x000001d54f8ed100
Event: 28.258 Thread 0x000001d54f8ed100 Thread exited: 0x000001d54f8ed100
Event: 28.753 Thread 0x000001d54f8ec360 Thread added: 0x000001d54f8ed100
Event: 29.432 Thread 0x000001d54f8ed100 Thread exited: 0x000001d54f8ed100
Event: 31.714 Thread 0x000001d54f8ec360 Thread exited: 0x000001d54f8ec360
Event: 33.757 Thread 0x000001d54f88b6c0 Thread added: 0x000001d5984900c0
Event: 35.976 Thread 0x000001d595cfe870 Thread added: 0x000001d597a83d00
Event: 36.337 Thread 0x000001d595cfe870 Thread added: 0x000001d597a83670


Dynamic libraries:
0x00007ff71fba0000 - 0x00007ff71fbae000 	C:\Users\phucs\.jdks\openjdk-23.0.2\bin\java.exe
0x00007ff8c66d0000 - 0x00007ff8c68c8000 	C:\WINDOWS\SYSTEM32\ntdll.dll
0x00007ff8c60c0000 - 0x00007ff8c6182000 	C:\WINDOWS\System32\KERNEL32.DLL
0x00007ff8c3e30000 - 0x00007ff8c4126000 	C:\WINDOWS\System32\KERNELBASE.dll
0x00007ff8c4130000 - 0x00007ff8c4230000 	C:\WINDOWS\System32\ucrtbase.dll
0x00007ff8bda10000 - 0x00007ff8bda27000 	C:\Users\phucs\.jdks\openjdk-23.0.2\bin\jli.dll
0x00007ff8bfb30000 - 0x00007ff8bfb4b000 	C:\Users\phucs\.jdks\openjdk-23.0.2\bin\VCRUNTIME140.dll
0x00007ff8c4870000 - 0x00007ff8c4a0d000 	C:\WINDOWS\System32\USER32.dll
0x00007ff8c46c0000 - 0x00007ff8c46e2000 	C:\WINDOWS\System32\win32u.dll
0x00007ff8b37c0000 - 0x00007ff8b3a5a000 	C:\WINDOWS\WinSxS\amd64_microsoft.windows.common-controls_6595b64144ccf1df_6.0.19041.4355_none_60b8b9eb71f62e16\COMCTL32.dll
0x00007ff8c4c00000 - 0x00007ff8c4c2b000 	C:\WINDOWS\System32\GDI32.dll
0x00007ff8c5850000 - 0x00007ff8c58ee000 	C:\WINDOWS\System32\msvcrt.dll
0x00007ff8c45a0000 - 0x00007ff8c46ba000 	C:\WINDOWS\System32\gdi32full.dll
0x00007ff8c3d60000 - 0x00007ff8c3dfd000 	C:\WINDOWS\System32\msvcp_win.dll
0x00007ff8c4eb0000 - 0x00007ff8c4edf000 	C:\WINDOWS\System32\IMM32.DLL
0x00007ff8bfb20000 - 0x00007ff8bfb2c000 	C:\Users\phucs\.jdks\openjdk-23.0.2\bin\vcruntime140_1.dll
0x00007ff8b3010000 - 0x00007ff8b309e000 	C:\Users\phucs\.jdks\openjdk-23.0.2\bin\msvcp140.dll
0x00007ff8822f0000 - 0x00007ff883040000 	C:\Users\phucs\.jdks\openjdk-23.0.2\bin\server\jvm.dll
0x00007ff8c46f0000 - 0x00007ff8c479f000 	C:\WINDOWS\System32\ADVAPI32.dll
0x00007ff8c5310000 - 0x00007ff8c53af000 	C:\WINDOWS\System32\sechost.dll
0x00007ff8c4d70000 - 0x00007ff8c4e93000 	C:\WINDOWS\System32\RPCRT4.dll
0x00007ff8c3e00000 - 0x00007ff8c3e27000 	C:\WINDOWS\System32\bcrypt.dll
0x00007ff8c61a0000 - 0x00007ff8c620b000 	C:\WINDOWS\System32\WS2_32.dll
0x00007ff8c3740000 - 0x00007ff8c378b000 	C:\WINDOWS\SYSTEM32\POWRPROF.dll
0x00007ff8ba3c0000 - 0x00007ff8ba3e7000 	C:\WINDOWS\SYSTEM32\WINMM.dll
0x00007ff8bb540000 - 0x00007ff8bb54a000 	C:\WINDOWS\SYSTEM32\VERSION.dll
0x00007ff8c3720000 - 0x00007ff8c3732000 	C:\WINDOWS\SYSTEM32\UMPDC.dll
0x00007ff8c2540000 - 0x00007ff8c2552000 	C:\WINDOWS\SYSTEM32\kernel.appcore.dll
0x00007ff8be580000 - 0x00007ff8be58a000 	C:\Users\phucs\.jdks\openjdk-23.0.2\bin\jimage.dll
0x00007ff8c19a0000 - 0x00007ff8c1b84000 	C:\WINDOWS\SYSTEM32\DBGHELP.DLL
0x00007ff8ba520000 - 0x00007ff8ba554000 	C:\WINDOWS\SYSTEM32\dbgcore.DLL
0x00007ff8c4490000 - 0x00007ff8c4512000 	C:\WINDOWS\System32\bcryptPrimitives.dll
0x00007ff8bd9b0000 - 0x00007ff8bd9bf000 	C:\Users\phucs\.jdks\openjdk-23.0.2\bin\instrument.dll
0x00007ff8bd9d0000 - 0x00007ff8bd9ee000 	C:\Users\phucs\.jdks\openjdk-23.0.2\bin\java.dll
0x00007ff8c54f0000 - 0x00007ff8c561b000 	C:\WINDOWS\System32\ole32.dll
0x00007ff8c4f50000 - 0x00007ff8c52a5000 	C:\WINDOWS\System32\combase.dll
0x00007ff8c58f0000 - 0x00007ff8c605f000 	C:\WINDOWS\System32\SHELL32.dll
0x00007ff8c1d80000 - 0x00007ff8c2523000 	C:\WINDOWS\SYSTEM32\windows.storage.dll
0x00007ff8c3790000 - 0x00007ff8c37bb000 	C:\WINDOWS\SYSTEM32\Wldp.dll
0x00007ff8c47a0000 - 0x00007ff8c486d000 	C:\WINDOWS\System32\OLEAUT32.dll
0x00007ff8c4b30000 - 0x00007ff8c4bdd000 	C:\WINDOWS\System32\SHCORE.dll
0x00007ff8c6060000 - 0x00007ff8c60b5000 	C:\WINDOWS\System32\shlwapi.dll
0x00007ff8c3c90000 - 0x00007ff8c3cb5000 	C:\WINDOWS\SYSTEM32\profapi.dll
0x00007ff899920000 - 0x00007ff8999f7000 	C:\Users\phucs\.jdks\openjdk-23.0.2\bin\jsvml.dll
0x00007ff8bc750000 - 0x00007ff8bc767000 	C:\Users\phucs\.jdks\openjdk-23.0.2\bin\zip.dll
0x00007ff8bd9c0000 - 0x00007ff8bd9d0000 	C:\Users\phucs\.jdks\openjdk-23.0.2\bin\net.dll
0x00007ff8c3480000 - 0x00007ff8c34ec000 	C:\WINDOWS\system32\mswsock.dll
0x00007ff8bc770000 - 0x00007ff8bc786000 	C:\Users\phucs\.jdks\openjdk-23.0.2\bin\nio.dll
0x00007ff8bc420000 - 0x00007ff8bc43a000 	C:\Users\phucs\AppData\Local\Programs\IntelliJ IDEA Community Edition\bin\breakgen64.dll
0x00007ff8bc6e0000 - 0x00007ff8bc6e9000 	C:\Users\phucs\.jdks\openjdk-23.0.2\bin\extnet.dll
0x00007ff8bc740000 - 0x00007ff8bc74a000 	C:\Users\phucs\.jdks\openjdk-23.0.2\bin\management.dll
0x00007ff8bc730000 - 0x00007ff8bc73b000 	C:\Users\phucs\.jdks\openjdk-23.0.2\bin\management_ext.dll
0x00007ff8c6190000 - 0x00007ff8c6198000 	C:\WINDOWS\System32\PSAPI.DLL
0x00007ff8c3160000 - 0x00007ff8c319b000 	C:\WINDOWS\SYSTEM32\IPHLPAPI.DLL
0x00007ff8c4f40000 - 0x00007ff8c4f48000 	C:\WINDOWS\System32\NSI.dll
0x00007ff8c31a0000 - 0x00007ff8c326a000 	C:\WINDOWS\SYSTEM32\DNSAPI.dll
0x00007ff8bda80000 - 0x00007ff8bda8a000 	C:\Windows\System32\rasadhlp.dll
0x00007ff8bbda0000 - 0x00007ff8bbe20000 	C:\WINDOWS\System32\fwpuclnt.dll
0x00007ff8bc6f0000 - 0x00007ff8bc6fe000 	C:\Users\phucs\.jdks\openjdk-23.0.2\bin\sunmscapi.dll
0x00007ff8c42e0000 - 0x00007ff8c443d000 	C:\WINDOWS\System32\CRYPT32.dll
0x00007ff8c3800000 - 0x00007ff8c3827000 	C:\WINDOWS\SYSTEM32\ncrypt.dll
0x00007ff8c37c0000 - 0x00007ff8c37fb000 	C:\WINDOWS\SYSTEM32\NTASN1.dll
0x00007ff8c3680000 - 0x00007ff8c3698000 	C:\WINDOWS\SYSTEM32\CRYPTSP.dll
0x00007ff8c2d80000 - 0x00007ff8c2db8000 	C:\WINDOWS\system32\rsaenh.dll
0x00007ff8c3c10000 - 0x00007ff8c3c3e000 	C:\WINDOWS\SYSTEM32\USERENV.dll
0x00007ff8c3670000 - 0x00007ff8c367c000 	C:\WINDOWS\SYSTEM32\CRYPTBASE.dll
0x00007ff8bc410000 - 0x00007ff8bc420000 	C:\Users\phucs\.jdks\openjdk-23.0.2\bin\verify.dll

dbghelp: loaded successfully - version: 4.0.5 - missing functions: none
symbol engine: initialized successfully - sym options: 0x614 - pdb path: .;C:\Users\phucs\.jdks\openjdk-23.0.2\bin;C:\WINDOWS\SYSTEM32;C:\WINDOWS\WinSxS\amd64_microsoft.windows.common-controls_6595b64144ccf1df_6.0.19041.4355_none_60b8b9eb71f62e16;C:\Users\phucs\.jdks\openjdk-23.0.2\bin\server;C:\Users\phucs\AppData\Local\Programs\IntelliJ IDEA Community Edition\bin

VM Arguments:
jvm_args: -javaagent:C:\Users\phucs\AppData\Local\Programs\IntelliJ IDEA Community Edition\lib\idea_rt.jar=57484:C:\Users\phucs\AppData\Local\Programs\IntelliJ IDEA Community Edition\bin -Dfile.encoding=UTF-8 -Dsun.stdout.encoding=UTF-8 -Dsun.stderr.encoding=UTF-8 
java_command: com.frontice.auth_service.AuthServiceApplication
java_class_path (initial): E:\LIKELION\Front-Ice-Microservice\auth-service\target\classes;C:\Users\phucs\.m2\repository\org\springframework\boot\spring-boot-starter-actuator\3.4.4\spring-boot-starter-actuator-3.4.4.jar;C:\Users\phucs\.m2\repository\org\springframework\boot\spring-boot-starter\3.4.4\spring-boot-starter-3.4.4.jar;C:\Users\phucs\.m2\repository\org\springframework\boot\spring-boot-starter-logging\3.4.4\spring-boot-starter-logging-3.4.4.jar;C:\Users\phucs\.m2\repository\org\apache\logging\log4j\log4j-to-slf4j\2.24.3\log4j-to-slf4j-2.24.3.jar;C:\Users\phucs\.m2\repository\org\apache\logging\log4j\log4j-api\2.24.3\log4j-api-2.24.3.jar;C:\Users\phucs\.m2\repository\org\slf4j\jul-to-slf4j\2.0.17\jul-to-slf4j-2.0.17.jar;C:\Users\phucs\.m2\repository\jakarta\annotation\jakarta.annotation-api\2.1.1\jakarta.annotation-api-2.1.1.jar;C:\Users\phucs\.m2\repository\org\yaml\snakeyaml\2.3\snakeyaml-2.3.jar;C:\Users\phucs\.m2\repository\org\springframework\boot\spring-boot-actuator-autoconfigure\3.4.4\spring-boot-actuator-autoconfigure-3.4.4.jar;C:\Users\phucs\.m2\repository\org\springframework\boot\spring-boot-actuator\3.4.4\spring-boot-actuator-3.4.4.jar;C:\Users\phucs\.m2\repository\io\micrometer\micrometer-observation\1.14.5\micrometer-observation-1.14.5.jar;C:\Users\phucs\.m2\repository\io\micrometer\micrometer-commons\1.14.5\micrometer-commons-1.14.5.jar;C:\Users\phucs\.m2\repository\io\micrometer\micrometer-jakarta9\1.14.5\micrometer-jakarta9-1.14.5.jar;C:\Users\phucs\.m2\repository\io\micrometer\micrometer-core\1.14.5\micrometer-core-1.14.5.jar;C:\Users\phucs\.m2\repository\org\hdrhistogram\HdrHistogram\2.2.2\HdrHistogram-2.2.2.jar;C:\Users\phucs\.m2\repository\org\latencyutils\LatencyUtils\2.0.3\LatencyUtils-2.0.3.jar;C:\Users\phucs\.m2\repository\org\springframework\boot\spring-boot-starter-batch\3.4.4\spring-boot-starter-batch-3.4.4.jar;C:\Users\phucs\.m2\repository\org\springframework\boot\spring-boot-starter-jdbc\3.4.4\spring-boot-starter-jdbc-3.4.4.jar;C:\Users\phucs\.m2\repository\com\zaxxer\HikariCP\5.1.0\HikariCP-5.1.0.jar;C:\Users\phucs\.m2\repository\org\springframework\batch\spring-batch-core\5.2.2\spring-batch-core-5.2.2.jar;C:\Users\phucs\.m2\repository\org\springframework\batch\spring-batch-infrastructure\5.2.2\spring-batch-infrastructure-5.2.2.jar;C:\Users\phucs\.m2\repository\org\springframework\spring-beans\6.2.5\spring-beans-6.2.5.jar;C:\Users\phucs\.m2\repository\org\springframework\data\spring-data-commons\3.4.4\spring-data-commons-3.4.4.jar;C:\Users\phucs\.m2\repository\org\springframework\boot\spring-boot-starter-data-jpa\3.4.4\spring-boot-starter-data-jpa-3.4.4.jar;C:\Users\phucs\.m2\repository\org\hibernate\orm\hibernate-core\6.6.11.Final\hibernate-core-6.6.11.Final.jar;C:\Users\phucs\.m2\repository\jakarta\persistence\jakarta.persistence-api\3.1.0\jakarta.persistence-api-3.1.0.jar;C:\Users\phucs\.m2\repository\jakarta\transaction\jakarta.transaction-api\2.0.1\jakarta.transaction-api-2.0.1.jar;C:\Users\phucs\.m2\repository\org\jboss\logging\jboss-logging\3.6.1.Final\jboss-logging-3.6.1.Final.jar;C:\Users\phucs\.m2\repository\org\hibernate\common\hibernate-commons-annotations\7.0.3.Final\hibernate-commons-annotations-7.0.3.Final.jar;C:\Users\phucs\.m2\repository\io\smallrye\jandex\3.2.0\jandex-3.2.0.jar;C:\Users\phucs\.m2\repository\com\fasterxml\classmate\1.7.0\classmate-1.7.0.jar;C:\Users\phucs\.m2\repository\net\bytebuddy\byte-buddy\1.15.11\byte-buddy-1.15.11.jar;C:\Users\phucs\.m2\repository\org\glassfish\jaxb\jaxb-runtime\4.0.5\jaxb-runtime-4.0.5.jar;C:\Users\phucs\.m2\repository\org\glassfish\jaxb\jaxb-core\4.0.5\jaxb-core-4.0.5.jar;C:\Users\phucs\.m2\repository\org\glassfish\jaxb\txw2\4.0.5\txw2-4.0.5.jar;C:\Users\phucs\.m2\repository\com\sun\istack\istack-commons-runtime\4.1.2\istack-commons-runtime-4.1.2.jar;C:\Users\phucs\.m2\repository\jakarta\inject\jakarta.inject-api\2.0.1\jakarta.inject-api-2.0.1.jar;C:\Users\phucs\.m2\repository\org\antlr\antlr4-runtime\4.13.0\antlr4-runtime-4.13.0.jar;C:\Users\phucs\.m2\repository\org\springframework\data\spring-data-jpa\3.4.4\spring-data-jpa-3.4.4.jar;C:\Users\phucs\.m2\repository\org\springframework\spring-orm\6.2.5\spring-orm-6.2.5.jar;C:\Users\phucs\.m2\repository\org\slf4j\slf4j-api\2.0.17\slf4j-api-2.0.17.jar;C:\Users\phucs\.m2\repository\org\springframework\spring-aspects\6.2.5\spring-aspects-6.2.5.jar;C:\Users\phucs\.m2\repository\org\aspectj\aspectjweaver\1.9.23\aspectjweaver-1.9.23.jar;C:\Users\phucs\.m2\repository\org\springframework\boot\spring-boot-starter-oauth2-client\3.4.4\spring-boot-starter-oauth2-client-3.4.4.jar;C:\Users\phucs\.m2\repository\org\springframework\security\spring-security-config\6.4.4\spring-security-config-6.4.4.jar;C:\Users\phucs\.m2\repository\org\springframework\security\spring-security-core\6.4.4\spring-security-core-6.4.4.jar;C:\Users\phucs\.m2\repository\org\springframework\security\spring-security-crypto\6.4.4\spring-security-crypto-6.4.4.jar;C:\Users\phucs\.m2\repository\org\springframework\spring-expression\6.2.5\spring-expression-6.2.5.jar;C:\Users\phucs\.m2\repository\org\springframework\security\spring-security-oauth2-client\6.4.4\spring-security-oauth2-client-6.4.4.jar;C:\Users\phucs\.m2\repository\com\nimbusds\oauth2-oidc-sdk\9.43.6\oauth2-oidc-sdk-9.43.6.jar;C:\Users\phucs\.m2\repository\com\nimbusds\content-type\2.2\content-type-2.2.jar;C:\Users\phucs\.m2\repository\com\nimbusds\lang-tag\1.7\lang-tag-1.7.jar;C:\Users\phucs\.m2\repository\org\springframework\boot\spring-boot-starter-security\3.4.4\spring-boot-starter-security-3.4.4.jar;C:\Users\phucs\.m2\repository\org\springframework\spring-aop\6.2.5\spring-aop-6.2.5.jar;C:\Users\phucs\.m2\repository\org\springframework\security\spring-security-web\6.4.4\spring-security-web-6.4.4.jar;C:\Users\phucs\.m2\repository\org\springframework\security\spring-security-oauth2-jose\6.4.4\spring-security-oauth2-jose-6.4.4.jar;C:\Users\phucs\.m2\repository\org\springframework\security\spring-security-oauth2-core\6.4.4\spring-security-oauth2-core-6.4.4.jar;C:\Users\phucs\.m2\repository\org\springframework\spring-core\6.2.5\spring-core-6.2.5.jar;C:\Users\phucs\.m2\repository\org\springframework\spring-jcl\6.2.5\spring-jcl-6.2.5.jar;C:\Users\phucs\.m2\repository\com\nimbusds\nimbus-jose-jwt\9.37.3\nimbus-jose-jwt-9.37.3.jar;C:\Users\phucs\.m2\repository\com\github\stephenc\jcip\jcip-annotations\1.0-1\jcip-annotations-1.0-1.jar;C:\Users\phucs\.m2\repository\io\jsonwebtoken\jjwt-api\0.11.5\jjwt-api-0.11.5.jar;C:\Users\phucs\.m2\repository\io\jsonwebtoken\jjwt-impl\0.11.5\jjwt-impl-0.11.5.jar;C:\Users\phucs\.m2\repository\io\jsonwebtoken\jjwt-jackson\0.11.5\jjwt-jackson-0.11.5.jar;C:\Users\phucs\.m2\repository\com\fasterxml\jackson\core\jackson-databind\2.18.3\jackson-databind-2.18.3.jar;C:\Users\phucs\.m2\repository\com\fasterxml\jackson\core\jackson-annotations\2.18.3\jackson-annotations-2.18.3.jar;C:\Users\phucs\.m2\repository\com\fasterxml\jackson\core\jackson-core\2.18.3\jackson-core-2.18.3.jar;C:\Users\phucs\.m2\repository\org\springframework\boot\spring-boot-starter-validation\3.4.4\spring-boot-starter-validation-3.4.4.jar;C:\Users\phucs\.m2\repository\org\apache\tomcat\embed\tomcat-embed-el\10.1.39\tomcat-embed-el-10.1.39.jar;C:\Users\phucs\.m2\repository\org\hibernate\validator\hibernate-validator\8.0.2.Final\hibernate-validator-8.0.2.Final.jar;C:\Users\phucs\.m2\repository\jakarta\validation\jakarta.validation-api\3.0.2\jakarta.validation-api-3.0.2.jar;C:\Users\phucs\.m2\repository\org\springframework\boot\spring-boot-starter-web\3.4.4\spring-boot-starter-web-3.4.4.jar;C:\Users\phucs\.m2\repository\org\springframework\boot\spring-boot-starter-json\3.4.4\spring-boot-starter-json-3.4.4.jar;C:\Users\phucs\.m2\repository\com\fasterxml\jackson\datatype\jackson-datatype-jdk8\2.18.3\jackson-datatype-jdk8-2.18.3.jar;C:\Users\phucs\.m2\repository\com\fasterxml\jackson\module\jackson-module-parameter-names\2.18.3\jackson-module-parameter-names-2.18.3.jar;C:\Users\phucs\.m2\repository\org\springframework\boot\spring-boot-starter-tomcat\3.4.4\spring-boot-starter-tomcat-3.4.4.jar;C:\Users\phucs\.m2\repository\org\apache\tomcat\embed\tomcat-embed-core\10.1.39\tomcat-embed-core-10.1.39.jar;C:\Users\phucs\.m2\repository\org\apache\tomcat\embed\tomcat-embed-websocket\10.1.39\tomcat-embed-websocket-10.1.39.jar;C:\Users\phucs\.m2\repository\org\springframework\spring-web\6.2.5\spring-web-6.2.5.jar;C:\Users\phucs\.m2\repository\org\springframework\spring-webmvc\6.2.5\spring-webmvc-6.2.5.jar;C:\Users\phucs\.m2\repository\org\flywaydb\flyway-core\10.20.1\flyway-core-10.20.1.jar;C:\Users\phucs\.m2\repository\com\fasterxml\jackson\dataformat\jackson-dataformat-toml\2.18.3\jackson-dataformat-toml-2.18.3.jar;C:\Users\phucs\.m2\repository\com\fasterxml\jackson\datatype\jackson-datatype-jsr310\2.18.3\jackson-datatype-jsr310-2.18.3.jar;C:\Users\phucs\.m2\repository\org\flywaydb\flyway-database-postgresql\10.20.1\flyway-database-postgresql-10.20.1.jar;C:\Users\phucs\.m2\repository\org\springframework\cloud\spring-cloud-starter-netflix-eureka-client\4.2.1\spring-cloud-starter-netflix-eureka-client-4.2.1.jar;C:\Users\phucs\.m2\repository\org\springframework\cloud\spring-cloud-starter\4.2.1\spring-cloud-starter-4.2.1.jar;C:\Users\phucs\.m2\repository\org\springframework\cloud\spring-cloud-context\4.2.1\spring-cloud-context-4.2.1.jar;C:\Users\phucs\.m2\repository\org\bouncycastle\bcprov-jdk18on\1.78.1\bcprov-jdk18on-1.78.1.jar;C:\Users\phucs\.m2\repository\org\springframework\cloud\spring-cloud-netflix-eureka-client\4.2.1\spring-cloud-netflix-eureka-client-4.2.1.jar;C:\Users\phucs\.m2\repository\org\apache\httpcomponents\client5\httpclient5\5.4.2\httpclient5-5.4.2.jar;C:\Users\phucs\.m2\repository\org\apache\httpcomponents\core5\httpcore5\5.3.3\httpcore5-5.3.3.jar;C:\Users\phucs\.m2\repository\org\apache\httpcomponents\core5\httpcore5-h2\5.3.3\httpcore5-h2-5.3.3.jar;C:\Users\phucs\.m2\repository\com\netflix\eureka\eureka-client\2.0.4\eureka-client-2.0.4.jar;C:\Users\phucs\.m2\repository\com\thoughtworks\xstream\xstream\1.4.20\xstream-1.4.20.jar;C:\Users\phucs\.m2\repository\io\github\x-stream\mxparser\1.2.2\mxparser-1.2.2.jar;C:\Users\phucs\.m2\repository\xmlpull\xmlpull\1.1.3.1\xmlpull-1.1.3.1.jar;C:\Users\phucs\.m2\repository\jakarta\ws\rs\jakarta.ws.rs-api\3.1.0\jakarta.ws.rs-api-3.1.0.jar;C:\Users\phucs\.m2\repository\com\netflix\spectator\spectator-api\1.7.3\spectator-api-1.7.3.jar;C:\Users\phucs\.m2\repository\org\apache\httpcomponents\httpclient\4.5.3\httpclient-4.5.3.jar;C:\Users\phucs\.m2\repository\org\apache\httpcomponents\httpcore\4.4.16\httpcore-4.4.16.jar;C:\Users\phucs\.m2\repository\commons-codec\commons-codec\1.17.2\commons-codec-1.17.2.jar;C:\Users\phucs\.m2\repository\commons-configuration\commons-configuration\1.10\commons-configuration-1.10.jar;C:\Users\phucs\.m2\repository\commons-lang\commons-lang\2.6\commons-lang-2.6.jar;C:\Users\phucs\.m2\repository\com\netflix\netflix-commons\netflix-eventbus\0.3.0\netflix-eventbus-0.3.0.jar;C:\Users\phucs\.m2\repository\com\netflix\netflix-commons\netflix-infix\0.3.0\netflix-infix-0.3.0.jar;C:\Users\phucs\.m2\repository\commons-jxpath\commons-jxpath\1.3\commons-jxpath-1.3.jar;C:\Users\phucs\.m2\repository\joda-time\joda-time\2.3\joda-time-2.3.jar;C:\Users\phucs\.m2\repository\org\antlr\antlr-runtime\3.4\antlr-runtime-3.4.jar;C:\Users\phucs\.m2\repository\org\antlr\stringtemplate\3.2.1\stringtemplate-3.2.1.jar;C:\Users\phucs\.m2\repository\antlr\antlr\2.7.7\antlr-2.7.7.jar;C:\Users\phucs\.m2\repository\com\google\guava\guava\14.0.1\guava-14.0.1.jar;C:\Users\phucs\.m2\repository\com\google\code\gson\gson\2.11.0\gson-2.11.0.jar;C:\Users\phucs\.m2\repository\com\netflix\servo\servo-core\0.5.3\servo-core-0.5.3.jar;C:\Users\phucs\.m2\repository\org\apache\commons\commons-math\2.2\commons-math-2.2.jar;C:\Users\phucs\.m2\repository\javax\annotation\javax.annotation-api\1.2\javax.annotation-api-1.2.jar;C:\Users\phucs\.m2\repository\org\codehaus\jettison\jettison\1.5.4\jettison-1.5.4.jar;C:\Users\phucs\.m2\repository\org\springframework\cloud\spring-cloud-starter-loadbalancer\4.2.1\spring-cloud-starter-loadbalancer-4.2.1.jar;C:\Users\phucs\.m2\repository\org\springframework\cloud\spring-cloud-loadbalancer\4.2.1\spring-cloud-loadbalancer-4.2.1.jar;C:\Users\phucs\.m2\repository\io\projectreactor\addons\reactor-extra\3.5.2\reactor-extra-3.5.2.jar;C:\Users\phucs\.m2\repository\org\springframework\boot\spring-boot-starter-cache\3.4.4\spring-boot-starter-cache-3.4.4.jar;C:\Users\phucs\.m2\repository\com\stoyanr\evictor\1.0.0\evictor-1.0.0.jar;C:\Users\phucs\.m2\repository\org\springframework\cloud\spring-cloud-starter-openfeign\4.2.1\spring-cloud-starter-openfeign-4.2.1.jar;C:\Users\phucs\.m2\repository\org\springframework\cloud\spring-cloud-openfeign-core\4.2.1\spring-cloud-openfeign-core-4.2.1.jar;C:\Users\phucs\.m2\repository\io\github\openfeign\feign-form-spring\13.5\feign-form-spring-13.5.jar;C:\Users\phucs\.m2\repository\io\github\openfeign\feign-form\13.5\feign-form-13.5.jar;C:\Users\phucs\.m2\repository\commons-fileupload\commons-fileupload\1.5\commons-fileupload-1.5.jar;C:\Users\phucs\.m2\repository\org\springframework\cloud\spring-cloud-commons\4.2.1\spring-cloud-commons-4.2.1.jar;C:\Users\phucs\.m2\repository\io\github\openfeign\feign-core\13.5\feign-core-13.5.jar;C:\Users\phucs\.m2\repository\io\github\openfeign\feign-slf4j\13.5\feign-slf4j-13.5.jar;C:\Users\phucs\.m2\repository\org\springframework\retry\spring-retry\2.0.11\spring-retry-2.0.11.jar;C:\Users\phucs\.m2\repository\org\springframework\boot\spring-boot-starter-data-redis\3.4.3\spring-boot-starter-data-redis-3.4.3.jar;C:\Users\phucs\.m2\repository\io\lettuce\lettuce-core\6.4.2.RELEASE\lettuce-core-6.4.2.RELEASE.jar;C:\Users\phucs\.m2\repository\io\netty\netty-common\4.1.119.Final\netty-common-4.1.119.Final.jar;C:\Users\phucs\.m2\repository\io\netty\netty-handler\4.1.119.Final\netty-handler-4.1.119.Final.jar;C:\Users\phucs\.m2\repository\io\netty\netty-resolver\4.1.119.Final\netty-resolver-4.1.119.Final.jar;C:\Users\phucs\.m2\repository\io\netty\netty-buffer\4.1.119.Final\netty-buffer-4.1.119.Final.jar;C:\Users\phucs\.m2\repository\io\netty\netty-transport-native-unix-common\4.1.119.Final\netty-transport-native-unix-common-4.1.119.Final.jar;C:\Users\phucs\.m2\repository\io\netty\netty-codec\4.1.119.Final\netty-codec-4.1.119.Final.jar;C:\Users\phucs\.m2\repository\io\netty\netty-transport\4.1.119.Final\netty-transport-4.1.119.Final.jar;C:\Users\phucs\.m2\repository\io\projectreactor\reactor-core\3.7.4\reactor-core-3.7.4.jar;C:\Users\phucs\.m2\repository\org\reactivestreams\reactive-streams\1.0.4\reactive-streams-1.0.4.jar;C:\Users\phucs\.m2\repository\org\springframework\data\spring-data-redis\3.4.4\spring-data-redis-3.4.4.jar;C:\Users\phucs\.m2\repository\org\springframework\data\spring-data-keyvalue\3.4.4\spring-data-keyvalue-3.4.4.jar;C:\Users\phucs\.m2\repository\org\springframework\spring-oxm\6.2.5\spring-oxm-6.2.5.jar;C:\Users\phucs\.m2\repository\org\springframework\session\spring-session-data-redis\3.4.1\spring-session-data-redis-3.4.1.jar;C:\Users\phucs\.m2\repository\org\springframework\session\spring-session-core\3.4.2\spring-session-core-3.4.2.jar;C:\Users\phucs\.m2\repository\org\springframework\kafka\spring-kafka\3.3.4\spring-kafka-3.3.4.jar;C:\Users\phucs\.m2\repository\org\springframework\spring-context\6.2.5\spring-context-6.2.5.jar;C:\Users\phucs\.m2\repository\org\springframework\spring-messaging\6.2.5\spring-messaging-6.2.5.jar;C:\Users\phucs\.m2\repository\org\springframework\spring-tx\6.2.5\spring-tx-6.2.5.jar;C:\Users\phucs\.m2\repository\org\apache\kafka\kafka-clients\3.8.1\kafka-clients-3.8.1.jar;C:\Users\phucs\.m2\repository\com\github\luben\zstd-jni\1.5.6-4\zstd-jni-1.5.6-4.jar;C:\Users\phucs\.m2\repository\org\lz4\lz4-java\1.8.0\lz4-java-1.8.0.jar;C:\Users\phucs\.m2\repository\org\xerial\snappy\snappy-java\1.1.10.5\snappy-java-1.1.10.5.jar;C:\Users\phucs\.m2\repository\org\springframework\boot\spring-boot-devtools\3.4.4\spring-boot-devtools-3.4.4.jar;C:\Users\phucs\.m2\repository\org\springframework\boot\spring-boot\3.4.4\spring-boot-3.4.4.jar;C:\Users\phucs\.m2\repository\org\springframework\boot\spring-boot-autoconfigure\3.4.4\spring-boot-autoconfigure-3.4.4.jar;C:\Users\phucs\.m2\repository\org\postgresql\postgresql\42.7.5\postgresql-42.7.5.jar;C:\Users\phucs\.m2\repository\org\checkerframework\checker-qual\3.48.3\checker-qual-3.48.3.jar;C:\Users\phucs\.m2\repository\jakarta\xml\bind\jakarta.xml.bind-api\4.0.2\jakarta.xml.bind-api-4.0.2.jar;C:\Users\phucs\.m2\repository\jakarta\activation\jakarta.activation-api\2.1.3\jakarta.activation-api-2.1.3.jar;C:\Users\phucs\.m2\repository\net\minidev\json-smart\2.5.2\json-smart-2.5.2.jar;C:\Users\phucs\.m2\repository\net\minidev\accessors-smart\2.5.2\accessors-smart-2.5.2.jar;C:\Users\phucs\.m2\repository\org\ow2\asm\asm\9.7.1\asm-9.7.1.jar;C:\Users\phucs\.m2\repository\org\springframework\spring-jdbc\6.2.5\spring-jdbc-6.2.5.jar;C:\Users\phucs\.m2\repository\ch\qos\logback\logback-core\1.5.18\logback-core-1.5.18.jar;C:\Users\phucs\.m2\repository\ch\qos\logback\logback-classic\1.5.18\logback-classic-1.5.18.jar;C:\Users\phucs\.m2\repository\com\google\errorprone\error_prone_annotations\2.21.1\error_prone_annotations-2.21.1.jar;C:\Users\phucs\.m2\repository\org\springframework\boot\spring-boot-starter-mail\3.4.4\spring-boot-starter-mail-3.4.4.jar;C:\Users\phucs\.m2\repository\org\springframework\spring-context-support\6.2.5\spring-context-support-6.2.5.jar;C:\Users\phucs\.m2\repository\org\eclipse\angus\jakarta.mail\2.0.3\jakarta.mail-2.0.3.jar;C:\Users\phucs\.m2\repository\org\eclipse\angus\angus-activation\2.0.2\angus-activation-2.0.2.jar
Launcher Type: SUN_STANDARD

[Global flags]
     intx CICompilerCount                          = 12                                        {product} {ergonomic}
     uint ConcGCThreads                            = 3                                         {product} {ergonomic}
     uint G1ConcRefinementThreads                  = 13                                        {product} {ergonomic}
   size_t G1HeapRegionSize                         = 2097152                                   {product} {ergonomic}
   size_t InitialHeapSize                          = 260046848                                 {product} {ergonomic}
   size_t MarkStackSize                            = 4194304                                   {product} {ergonomic}
   size_t MarkStackSizeMax                         = 536870912                                 {product} {ergonomic}
   size_t MaxHeapSize                              = 4139778048                                {product} {ergonomic}
   size_t MaxNewSize                               = 2483027968                                {product} {ergonomic}
   size_t MinHeapDeltaBytes                        = 2097152                                   {product} {ergonomic}
   size_t MinHeapSize                              = 8388608                                   {product} {ergonomic}
    uintx NonNMethodCodeHeapSize                   = 7602176                                {pd product} {ergonomic}
    uintx NonProfiledCodeHeapSize                  = 122093568                              {pd product} {ergonomic}
    uintx ProfiledCodeHeapSize                     = 121962496                              {pd product} {ergonomic}
    uintx ReservedCodeCacheSize                    = 251658240                              {pd product} {ergonomic}
     bool SegmentedCodeCache                       = true                                      {product} {ergonomic}
   size_t SoftMaxHeapSize                          = 4139778048                             {manageable} {ergonomic}
     bool UseCompressedOops                        = true                           {product lp64_product} {ergonomic}
     bool UseG1GC                                  = true                                      {product} {ergonomic}
     bool UseLargePagesIndividualAllocation        = false                                  {pd product} {ergonomic}

Logging:
Log output configuration:
 #0: stdout all=warning uptime,level,tags foldmultilines=false
 #1: stderr all=off uptime,level,tags foldmultilines=false

Environment Variables:
JAVA_HOME=C:\Program Files\Java\jdk-17
PATH=C:\Program Files (x86)\Common Files\Oracle\Java\javapath;C:\Users\phucs\Oracle\bin;C:\WINDOWS\system32;C:\WINDOWS;C:\WINDOWS\System32\Wbem;C:\WINDOWS\System32\WindowsPowerShell\v1.0\;C:\WINDOWS\System32\OpenSSH\;C:\Program Files\nodejs\;C:\Program Files\Docker\Docker\resources\bin;C:\Program Files\Git\cmd;C:\Program Files\dotnet\;C:\Program Files\apache-maven-3.9.6\bin;C:\springboot-3.3.0\bin;C:\Program Files\PuTTY\;C:\Program Files\Microsoft SQL Server\150\Tools\Binn\;C:\Program Files\Microsoft SQL Server\Client SDK\ODBC\170\Tools\Binn\;C:\Program Files (x86)\Microsoft SQL Server\160\Tools\Binn\;C:\Program Files\Microsoft SQL Server\160\Tools\Binn\;C:\Program Files\Microsoft SQL Server\160\DTS\Binn\;C:\Program Files (x86)\Microsoft SQL Server\160\DTS\Binn\;C:\Users\phucs\AppData\Local\Microsoft\WindowsApps;C:\Users\phucs\AppData\Local\JetBrains\Toolbox\scripts;C:\Users\phucs\AppData\Local\Programs\Microsoft VS Code\bin;C:\Users\phucs\AppData\Roaming\npm;C:\Users\phucs\AppData\Local\GitHubDesktop\bin;C:\springboot-3.3.0\bin;C:\Program Files\Java\jdk-10.0.2;C:\Users\phucs\AppData\Local\Programs\cursor\resources\app\bin;C:\Users\phucs\.dotnet\tools
USERNAME=phucs
OS=Windows_NT
PROCESSOR_IDENTIFIER=AMD64 Family 23 Model 96 Stepping 1, AuthenticAMD
TMP=C:\Users\phucs\AppData\Local\Temp
TEMP=C:\Users\phucs\AppData\Local\Temp




Periodic native trim disabled

---------------  S Y S T E M  ---------------

OS:
 Windows 10 , 64 bit Build 19041 (10.0.19041.5678)
OS uptime: 0 days 14:21 hours
Hyper-V role detected

CPU: total 16 (initial active 16) (16 cores per cpu, 2 threads per core) family 23 model 96 stepping 1 microcode 0x0, cx8, cmov, fxsr, ht, mmx, 3dnowpref, sse, sse2, sse3, ssse3, sse4a, sse4.1, sse4.2, popcnt, lzcnt, tsc, tscinvbit, avx, avx2, aes, clmul, bmi1, bmi2, adx, sha, fma, vzeroupper, clflush, clflushopt, hv, rdtscp, rdpid, f16c
Processor Information for the first 16 processors :
  Max Mhz: 2901, Current Mhz: 2901, Mhz Limit: 2901

Memory: 4k page, system-wide physical 15791M (395M free)
TotalPageFile size 35109M (AvailPageFile size 4M)
current process WorkingSet (physical memory assigned to process): 357M, peak: 361M
current process commit charge ("private bytes"): 408M, peak: 414M

vm_info: OpenJDK 64-Bit Server VM (23.0.2+7-58) for windows-amd64 JRE (23.0.2+7-58), built on 2024-11-29T09:34:55Z with MS VC++ 17.6 (VS2022)

END.
